#
# A fatal error has been detected by the Java Runtime Environment:
#
#  SIGSEGV (0xb) at pc=0x00007fa04b7d19c2, pid=4043, tid=0x00007fa031bd0700
#
# JRE version: Java(TM) SE Runtime Environment (8.0_111-b14) (build 1.8.0_111-b14)
# Java VM: Java HotSpot(TM) 64-Bit Server VM (25.111-b14 mixed mode linux-amd64 compressed oops)
# Problematic frame:
# C  [libc.so.6+0x7f9c2]
#
# Failed to write core dump. Core dumps have been disabled. To enable core dumping, try "ulimit -c unlimited" before starting Java again
#
# If you would like to submit a bug report, please visit:
#   http://bugreport.java.com/bugreport/crash.jsp
# The crash happened outside the Java Virtual Machine in native code.
# See problematic frame for where to report the bug.
#

---------------  T H R E A D  ---------------

Current thread (0x00007fa044086000):  JavaThread "Finalizer" daemon [_thread_in_native, id=4054, stack(0x00007fa031ad0000,0x00007fa031bd1000)]

siginfo: si_signo: 11 (SIGSEGV), si_code: 128 (SI_KERNEL), si_addr: 0x0000000000000000

Registers:
RAX=0x00007f9fd0353e80, RBX=0x00007f9fe0e60e90, RCX=0x00007f9fd02d6700, RDX=0xffffff96ffffffa0
RSP=0x00007fa031bcf390, RBP=0x00007fa044000020, RSI=0x0000000000000001, RDI=0x00007fa044000020
R8 =0x00007f9feffbe570, R9 =0x0000000000000001, R10=0x0000000000000525, R11=0x00007fa03094e4a0
R12=0x0000006900000060, R13=0x00008008e0e60ef0, R14=0x00007f9fd02d26b0, R15=0x00007fa044086000
RIP=0x00007fa04b7d19c2, EFLAGS=0x0000000000010202, CSGSFS=0x0000000000000033, ERR=0x0000000000000000
  TRAPNO=0x000000000000000d

Top of Stack: (sp=0x00007fa031bcf390)
0x00007fa031bcf390:   0000000000000000 0000000000000000
0x00007fa031bcf3a0:   ffffffffffffffff 0000000000ffffff
0x00007fa031bcf3b0:   0000000000000000 0000000000000000
0x00007fa031bcf3c0:   6f4374757074754f 0055000000000001
0x00007fa031bcf3d0:   0000000000000000 0000000000000000
0x00007fa031bcf3e0:   000074757074754f 0000000000000000
0x00007fa031bcf3f0:   0000000000000000 00007f9fd02d3530
0x00007fa031bcf400:   0000000000000073 00007f9fd02dfb50
0x00007fa031bcf410:   00007fa032d5d3b0 00007f9fd02d26b0
0x00007fa031bcf420:   00007fa044086000 00007fa04b7d598c
0x00007fa031bcf430:   0000000000000000 0000000000000000
0x00007fa031bcf440:   00007fa03294e650 0000000000000000
0x00007fa031bcf450:   0000000000000000 00007f9fd02d3530
0x00007fa031bcf460:   0000000000000073 00007f9fd02dfb50
0x00007fa031bcf470:   00007fa032d5d3b0 00007fa030889828
0x00007fa031bcf480:   00007fa031bcf4a0 00007f9fd02dd1a0
0x00007fa031bcf490:   00007f9fd02e1260 00007f9fd02dfb10
0x00007fa031bcf4a0:   0000000000000000 00007fa031bcf5f8
0x00007fa031bcf4b0:   00007fa044086000 00007f9fd02ddca0
0x00007fa031bcf4c0:   0000000000000001 00007f9fd02d2520
0x00007fa031bcf4d0:   00007f9fd02d2520 0000000000000000
0x00007fa031bcf4e0:   00007fa032d5d3b0 00007fa031bcf5f8
0x00007fa031bcf4f0:   00007fa044086000 00007fa03087fab7
0x00007fa031bcf500:   00007f9fd02d5308 00007fa03094e4b9
0x00007fa031bcf510:   00007f9fd02d5300 00007f9fd02d5300
0x00007fa031bcf520:   00007fa031bcf570 00007fa030d65cc3
0x00007fa031bcf530:   00007fa044086000 00007f9fd02d5300
0x00007fa031bcf540:   00007fa031bcf5e0 00007fa0440861f8
0x00007fa031bcf550:   0000000000000000 00007f9fd02d5300
0x00007fa031bcf560:   00007fa031bcf5d0 00007fa032d5d3b0
0x00007fa031bcf570:   00007fa031bcf5d0 00007fa035017a34
0x00007fa031bcf580:   00007fa044086000 00007fa035017782 

Instructions: (pc=0x00007fa04b7d19c2)
0x00007fa04b7d19a2:   2c 26 48 39 c6 0f 84 e1 0e 00 00 45 31 c9 c7 44
0x00007fa04b7d19b2:   24 38 00 00 00 00 f6 45 04 02 0f 84 7e 08 00 00
0x00007fa04b7d19c2:   49 8b 45 08 a8 01 0f 84 92 08 00 00 49 89 c7 49
0x00007fa04b7d19d2:   83 e7 f8 48 83 f8 10 0f 86 d1 06 00 00 4c 3b bd 

Register to memory mapping:

RAX=0x00007f9fd0353e80 is an unknown value
RBX=0x00007f9fe0e60e90 is an unknown value
RCX=0x00007f9fd02d6700 is an unknown value
RDX=0xffffff96ffffffa0 is an unknown value
RSP=0x00007fa031bcf390 is pointing into the stack for thread: 0x00007fa044086000
RBP=0x00007fa044000020 is an unknown value
RSI=0x0000000000000001 is an unknown value
RDI=0x00007fa044000020 is an unknown value
R8 =0x00007f9feffbe570 is an unknown value
R9 =0x0000000000000001 is an unknown value
R10=0x0000000000000525 is an unknown value
R11=0x00007fa03094e4a0: _ZN8freeling2io10io_handlerD2Ev+0 in /usr/local/lib/libfreeling-4.0.so at 0x00007fa030717000
R12=0x0000006900000060 is an unknown value
R13=0x00008008e0e60ef0 is an unknown value
R14=0x00007f9fd02d26b0 is an unknown value
R15=0x00007fa044086000 is a thread


Stack: [0x00007fa031ad0000,0x00007fa031bd1000],  sp=0x00007fa031bcf390,  free space=1020k
Native frames: (J=compiled Java code, j=interpreted, Vv=VM code, C=native code)
C  [libc.so.6+0x7f9c2]

Java frames: (J=compiled Java code, j=interpreted, Vv=VM code)
j  edu.upc.freeling.freelingJNI.delete_OutputConll(J)V+0
j  edu.upc.freeling.OutputConll.delete()V+25
j  edu.upc.freeling.OutputConll.finalize()V+1
J 815 C1 java.lang.ref.Finalizer.runFinalizer(Lsun/misc/JavaLangAccess;)V (62 bytes) @ 0x00007fa035322744 [0x00007fa0353221c0+0x584]
J 814 C1 java.lang.ref.Finalizer.access$100(Ljava/lang/ref/Finalizer;Lsun/misc/JavaLangAccess;)V (6 bytes) @ 0x00007fa035321e5c [0x00007fa035321e00+0x5c]
j  java.lang.ref.Finalizer$FinalizerThread.run()V+45
v  ~StubRoutines::call_stub

---------------  P R O C E S S  ---------------

Java Threads: ( => current thread )
  0x00007fa0440e5800 JavaThread "Service Thread" daemon [_thread_blocked, id=4059, stack(0x00007fa0312f2000,0x00007fa0313f3000)]
  0x00007fa0440c0800 JavaThread "C1 CompilerThread2" daemon [_thread_blocked, id=4058, stack(0x00007fa0313f3000,0x00007fa0314f4000)]
  0x00007fa0440bf000 JavaThread "C2 CompilerThread1" daemon [_thread_blocked, id=4057, stack(0x00007fa0314f4000,0x00007fa0315f5000)]
  0x00007fa0440bc000 JavaThread "C2 CompilerThread0" daemon [_thread_blocked, id=4056, stack(0x00007fa0315f5000,0x00007fa0316f6000)]
  0x00007fa0440ba800 JavaThread "Signal Dispatcher" daemon [_thread_blocked, id=4055, stack(0x00007fa0316f6000,0x00007fa0317f7000)]
=>0x00007fa044086000 JavaThread "Finalizer" daemon [_thread_in_native, id=4054, stack(0x00007fa031ad0000,0x00007fa031bd1000)]
  0x00007fa044081800 JavaThread "Reference Handler" daemon [_thread_blocked, id=4053, stack(0x00007fa031bd1000,0x00007fa031cd2000)]
  0x00007fa04400c000 JavaThread "main" [_thread_in_native, id=4046, stack(0x00007fa04c256000,0x00007fa04c357000)]

Other Threads:
  0x00007fa04407a000 VMThread [stack: 0x00007fa031cd2000,0x00007fa031dd3000] [id=4052]
  0x00007fa0440e8800 WatcherThread [stack: 0x00007fa0311f1000,0x00007fa0312f2000] [id=4060]

VM state:not at safepoint (normal execution)

VM Mutex/Monitor currently owned by a thread: None

Heap:
 PSYoungGen      total 18432K, used 3266K [0x00000000eb700000, 0x00000000ecb80000, 0x0000000100000000)
  eden space 15872K, 4% used [0x00000000eb700000,0x00000000eb7b8868,0x00000000ec680000)
  from space 2560K, 98% used [0x00000000ec900000,0x00000000ecb78030,0x00000000ecb80000)
  to   space 2560K, 0% used [0x00000000ec680000,0x00000000ec680000,0x00000000ec900000)
 ParOldGen       total 42496K, used 4568K [0x00000000c2400000, 0x00000000c4d80000, 0x00000000eb700000)
  object space 42496K, 10% used [0x00000000c2400000,0x00000000c28762d0,0x00000000c4d80000)
 Metaspace       used 10053K, capacity 10184K, committed 10496K, reserved 1058816K
  class space    used 1163K, capacity 1216K, committed 1280K, reserved 1048576K

Card table byte_map: [0x00007fa048e0d000,0x00007fa048ffc000] byte_map_base: 0x00007fa0487fb000

Marking Bits: (ParMarkBitMap*) 0x00007fa04b725220
 Begin Bits: [0x00007fa033120000, 0x00007fa034090000)
 End Bits:   [0x00007fa034090000, 0x00007fa035000000)

Polling page: 0x00007fa04c374000

CodeCache: size=245760Kb used=3205Kb max_used=3205Kb free=242554Kb
 bounds [0x00007fa035000000, 0x00007fa035330000, 0x00007fa044000000]
 total_blobs=1165 nmethods=820 adapters=259
 compilation: enabled

Compilation events (10 events):
Event: 17.635 Thread 0x00007fa0440c0800  816       3       java.lang.ref.Finalizer::hasBeenFinalized (14 bytes)
Event: 17.635 Thread 0x00007fa0440c0800 nmethod 816 0x00007fa035322cd0 code [0x00007fa035322e40, 0x00007fa035322ff0]
Event: 17.635 Thread 0x00007fa0440c0800  817   !   3       java.lang.ref.Finalizer::remove (94 bytes)
Event: 17.635 Thread 0x00007fa0440c0800 nmethod 817 0x00007fa035323050 code [0x00007fa0353231e0, 0x00007fa0353236b0]
Event: 17.635 Thread 0x00007fa0440c0800  818       3       java.lang.System$2::invokeFinalize (5 bytes)
Event: 17.635 Thread 0x00007fa0440c0800 nmethod 818 0x00007fa035323810 code [0x00007fa035323980, 0x00007fa035323ba8]
Event: 17.636 Thread 0x00007fa0440c0800  819       3       java.util.zip.ZipFile$ZipFileInflaterInputStream::finalize (5 bytes)
Event: 17.636 Thread 0x00007fa0440c0800 nmethod 819 0x00007fa035323c50 code [0x00007fa035323dc0, 0x00007fa035323f48]
Event: 17.636 Thread 0x00007fa0440c0800  820       3       java.util.zip.ZipFile$ZipFileInputStream::finalize (5 bytes)
Event: 17.636 Thread 0x00007fa0440c0800 nmethod 820 0x00007fa035323fd0 code [0x00007fa035324140, 0x00007fa0353242c8]

GC Heap History (4 events):
Event: 16.658 GC heap before
{Heap before GC invocations=1 (full 0):
 PSYoungGen      total 18432K, used 15872K [0x00000000eb700000, 0x00000000ecb80000, 0x0000000100000000)
  eden space 15872K, 100% used [0x00000000eb700000,0x00000000ec680000,0x00000000ec680000)
  from space 2560K, 0% used [0x00000000ec900000,0x00000000ec900000,0x00000000ecb80000)
  to   space 2560K, 0% used [0x00000000ec680000,0x00000000ec680000,0x00000000ec900000)
 ParOldGen       total 42496K, used 0K [0x00000000c2400000, 0x00000000c4d80000, 0x00000000eb700000)
  object space 42496K, 0% used [0x00000000c2400000,0x00000000c2400000,0x00000000c4d80000)
 Metaspace       used 6846K, capacity 6970K, committed 7168K, reserved 1056768K
  class space    used 731K, capacity 764K, committed 768K, reserved 1048576K
Event: 16.663 GC heap after
Heap after GC invocations=1 (full 0):
 PSYoungGen      total 18432K, used 2528K [0x00000000eb700000, 0x00000000ecb80000, 0x0000000100000000)
  eden space 15872K, 0% used [0x00000000eb700000,0x00000000eb700000,0x00000000ec680000)
  from space 2560K, 98% used [0x00000000ec680000,0x00000000ec8f8030,0x00000000ec900000)
  to   space 2560K, 0% used [0x00000000ec900000,0x00000000ec900000,0x00000000ecb80000)
 ParOldGen       total 42496K, used 1663K [0x00000000c2400000, 0x00000000c4d80000, 0x00000000eb700000)
  object space 42496K, 3% used [0x00000000c2400000,0x00000000c259fcc0,0x00000000c4d80000)
 Metaspace       used 6846K, capacity 6970K, committed 7168K, reserved 1056768K
  class space    used 731K, capacity 764K, committed 768K, reserved 1048576K
}
Event: 17.623 GC heap before
{Heap before GC invocations=2 (full 0):
 PSYoungGen      total 18432K, used 18400K [0x00000000eb700000, 0x00000000ecb80000, 0x0000000100000000)
  eden space 15872K, 100% used [0x00000000eb700000,0x00000000ec680000,0x00000000ec680000)
  from space 2560K, 98% used [0x00000000ec680000,0x00000000ec8f8030,0x00000000ec900000)
  to   space 2560K, 0% used [0x00000000ec900000,0x00000000ec900000,0x00000000ecb80000)
 ParOldGen       total 42496K, used 1663K [0x00000000c2400000, 0x00000000c4d80000, 0x00000000eb700000)
  object space 42496K, 3% used [0x00000000c2400000,0x00000000c259fcc0,0x00000000c4d80000)
 Metaspace       used 10043K, capacity 10184K, committed 10496K, reserved 1058816K
  class space    used 1163K, capacity 1216K, committed 1280K, reserved 1048576K
Event: 17.629 GC heap after
Heap after GC invocations=2 (full 0):
 PSYoungGen      total 18432K, used 2528K [0x00000000eb700000, 0x00000000ecb80000, 0x0000000100000000)
  eden space 15872K, 0% used [0x00000000eb700000,0x00000000eb700000,0x00000000ec680000)
  from space 2560K, 98% used [0x00000000ec900000,0x00000000ecb78030,0x00000000ecb80000)
  to   space 2560K, 0% used [0x00000000ec680000,0x00000000ec680000,0x00000000ec900000)
 ParOldGen       total 42496K, used 4568K [0x00000000c2400000, 0x00000000c4d80000, 0x00000000eb700000)
  object space 42496K, 10% used [0x00000000c2400000,0x00000000c28762d0,0x00000000c4d80000)
 Metaspace       used 10043K, capacity 10184K, committed 10496K, reserved 1058816K
  class space    used 1163K, capacity 1216K, committed 1280K, reserved 1048576K
}

Deoptimization events (10 events):
Event: 16.744 Thread 0x00007fa04400c000 Uncommon trap: reason=class_check action=maybe_recompile pc=0x00007fa0351e3330 method=java.util.concurrent.ConcurrentHashMap.putVal(Ljava/lang/Object;Ljava/lang/Object;Z)Ljava/lang/Object; @ 17
Event: 16.745 Thread 0x00007fa04400c000 Uncommon trap: reason=class_check action=maybe_recompile pc=0x00007fa0351e3330 method=java.util.concurrent.ConcurrentHashMap.putVal(Ljava/lang/Object;Ljava/lang/Object;Z)Ljava/lang/Object; @ 17
Event: 16.746 Thread 0x00007fa04400c000 Uncommon trap: reason=class_check action=maybe_recompile pc=0x00007fa0351e3330 method=java.util.concurrent.ConcurrentHashMap.putVal(Ljava/lang/Object;Ljava/lang/Object;Z)Ljava/lang/Object; @ 17
Event: 16.749 Thread 0x00007fa04400c000 Uncommon trap: reason=unstable_if action=reinterpret pc=0x00007fa0352715e0 method=java.io.ByteArrayInputStream.read([BII)I @ 63
Event: 16.814 Thread 0x00007fa04400c000 Uncommon trap: reason=unstable_if action=reinterpret pc=0x00007fa0351d2004 method=java.lang.String.replace(CC)Ljava/lang/String; @ 26
Event: 17.048 Thread 0x00007fa04400c000 Uncommon trap: reason=unstable_if action=reinterpret pc=0x00007fa035294ee4 method=java.util.HashMap.getNode(ILjava/lang/Object;)Ljava/util/HashMap$Node; @ 62
Event: 17.091 Thread 0x00007fa04400c000 Uncommon trap: reason=unstable_if action=reinterpret pc=0x00007fa03520795c method=java.lang.CharacterDataLatin1.digit(II)I @ 82
Event: 17.142 Thread 0x00007fa04400c000 Uncommon trap: reason=predicate action=maybe_recompile pc=0x00007fa0352de414 method=sun.net.www.ParseUtil.encodePath(Ljava/lang/String;Z)Ljava/lang/String; @ 36
Event: 17.222 Thread 0x00007fa04400c000 Uncommon trap: reason=unstable_if action=reinterpret pc=0x00007fa0352a1d90 method=java.util.concurrent.ConcurrentHashMap.putVal(Ljava/lang/Object;Ljava/lang/Object;Z)Ljava/lang/Object; @ 181
Event: 17.224 Thread 0x00007fa04400c000 Uncommon trap: reason=unstable_if action=reinterpret pc=0x00007fa03523f2d0 method=java.io.ByteArrayInputStream.read()I @ 8

Internal exceptions (10 events):
Event: 16.302 Thread 0x00007fa04400c000 Exception <a 'java/security/PrivilegedActionException'> (0x00000000eb9dcfd8) thrown at [/HUDSON3/workspace/8-2-build-linux-amd64/jdk8u111/7883/hotspot/src/share/vm/prims/jvm.cpp, line 1386]
Event: 16.302 Thread 0x00007fa04400c000 Exception <a 'java/security/PrivilegedActionException'> (0x00000000eb9dd1e8) thrown at [/HUDSON3/workspace/8-2-build-linux-amd64/jdk8u111/7883/hotspot/src/share/vm/prims/jvm.cpp, line 1386]
Event: 17.015 Thread 0x00007fa04400c000 Exception <a 'java/lang/ArrayIndexOutOfBoundsException': 18> (0x00000000ec19b488) thrown at [/HUDSON3/workspace/8-2-build-linux-amd64/jdk8u111/7883/hotspot/src/share/vm/interpreter/interpreterRuntime.cpp, line 366]
Event: 17.015 Thread 0x00007fa04400c000 Exception <a 'java/lang/ArrayIndexOutOfBoundsException'> (0x00000000ec19c578) thrown at [/HUDSON3/workspace/8-2-build-linux-amd64/jdk8u111/7883/hotspot/src/share/vm/runtime/sharedRuntime.cpp, line 605]
Event: 17.016 Thread 0x00007fa04400c000 Exception <a 'java/lang/ArrayIndexOutOfBoundsException'> (0x00000000ec19e450) thrown at [/HUDSON3/workspace/8-2-build-linux-amd64/jdk8u111/7883/hotspot/src/share/vm/runtime/sharedRuntime.cpp, line 605]
Event: 17.017 Thread 0x00007fa04400c000 Exception <a 'java/lang/ArrayIndexOutOfBoundsException'> (0x00000000ec1a82e0) thrown at [/HUDSON3/workspace/8-2-build-linux-amd64/jdk8u111/7883/hotspot/src/share/vm/runtime/sharedRuntime.cpp, line 605]
Event: 17.028 Thread 0x00007fa04400c000 Exception <a 'java/lang/ArrayIndexOutOfBoundsException'> (0x00000000ec1d3b80) thrown at [/HUDSON3/workspace/8-2-build-linux-amd64/jdk8u111/7883/hotspot/src/share/vm/runtime/sharedRuntime.cpp, line 605]
Event: 17.343 Thread 0x00007fa04400c000 Exception <a 'java/lang/ArrayIndexOutOfBoundsException'> (0x00000000ec492830) thrown at [/HUDSON3/workspace/8-2-build-linux-amd64/jdk8u111/7883/hotspot/src/share/vm/runtime/sharedRuntime.cpp, line 605]
Event: 17.343 Thread 0x00007fa04400c000 Exception <a 'java/lang/ArrayIndexOutOfBoundsException'> (0x00000000ec49a3f8) thrown at [/HUDSON3/workspace/8-2-build-linux-amd64/jdk8u111/7883/hotspot/src/share/vm/runtime/sharedRuntime.cpp, line 605]
Event: 17.346 Thread 0x00007fa04400c000 Exception <a 'java/lang/ArrayIndexOutOfBoundsException'> (0x00000000ec4b9020) thrown at [/HUDSON3/workspace/8-2-build-linux-amd64/jdk8u111/7883/hotspot/src/share/vm/runtime/sharedRuntime.cpp, line 605]

Events (10 events):
Event: 17.635 Executing VM operation: RevokeBias
Event: 17.635 Executing VM operation: RevokeBias done
Event: 17.636 Executing VM operation: RevokeBias
Event: 17.636 Executing VM operation: RevokeBias done
Event: 17.636 Executing VM operation: RevokeBias
Event: 17.636 Executing VM operation: RevokeBias done
Event: 17.636 Executing VM operation: RevokeBias
Event: 17.636 Executing VM operation: RevokeBias done
Event: 17.636 Executing VM operation: RevokeBias
Event: 17.636 Executing VM operation: RevokeBias done


Dynamic libraries:
00400000-00401000 r-xp 00000000 08:01 802512                             /usr/lib/jvm/java-8-oracle/bin/java
00600000-00601000 rw-p 00000000 08:01 802512                             /usr/lib/jvm/java-8-oracle/bin/java
01f22000-01f43000 rw-p 00000000 00:00 0                                  [heap]
c2400000-c4d80000 rw-p 00000000 00:00 0 
c4d80000-eb700000 ---p 00000000 00:00 0 
eb700000-ecb80000 rw-p 00000000 00:00 0 
ecb80000-100000000 ---p 00000000 00:00 0 
100000000-100140000 rw-p 00000000 00:00 0 
100140000-140000000 ---p 00000000 00:00 0 
7f9fd0000000-7f9fd05e0000 rw-p 00000000 00:00 0 
7f9fd05e0000-7f9fd4000000 ---p 00000000 00:00 0 
7f9fd8000000-7f9fe0000000 rw-p 00000000 00:00 0 
7f9fe0000000-7f9fe8000000 rw-p 00000000 00:00 0 
7f9fe8000000-7f9ff0000000 rw-p 00000000 00:00 0 
7f9ff0000000-7f9ff4000000 rw-p 00000000 00:00 0 
7f9ff4000000-7f9ff4021000 rw-p 00000000 00:00 0 
7f9ff4021000-7f9ff8000000 ---p 00000000 00:00 0 
7f9ff9f24000-7f9ff9f3b000 r-xp 00000000 08:01 789276                     /lib/x86_64-linux-gnu/libresolv-2.23.so
7f9ff9f3b000-7f9ffa13b000 ---p 00017000 08:01 789276                     /lib/x86_64-linux-gnu/libresolv-2.23.so
7f9ffa13b000-7f9ffa13c000 r--p 00017000 08:01 789276                     /lib/x86_64-linux-gnu/libresolv-2.23.so
7f9ffa13c000-7f9ffa13d000 rw-p 00018000 08:01 789276                     /lib/x86_64-linux-gnu/libresolv-2.23.so
7f9ffa13d000-7f9ffa13f000 rw-p 00000000 00:00 0 
7f9ffa13f000-7f9ffa144000 r-xp 00000000 08:01 789279                     /lib/x86_64-linux-gnu/libnss_dns-2.23.so
7f9ffa144000-7f9ffa344000 ---p 00005000 08:01 789279                     /lib/x86_64-linux-gnu/libnss_dns-2.23.so
7f9ffa344000-7f9ffa345000 r--p 00005000 08:01 789279                     /lib/x86_64-linux-gnu/libnss_dns-2.23.so
7f9ffa345000-7f9ffa346000 rw-p 00006000 08:01 789279                     /lib/x86_64-linux-gnu/libnss_dns-2.23.so
7f9ffa346000-7f9ffa348000 r-xp 00000000 08:01 792113                     /lib/x86_64-linux-gnu/libnss_mdns4_minimal.so.2
7f9ffa348000-7f9ffa547000 ---p 00002000 08:01 792113                     /lib/x86_64-linux-gnu/libnss_mdns4_minimal.so.2
7f9ffa547000-7f9ffa548000 r--p 00001000 08:01 792113                     /lib/x86_64-linux-gnu/libnss_mdns4_minimal.so.2
7f9ffa548000-7f9ffa549000 rw-p 00002000 08:01 792113                     /lib/x86_64-linux-gnu/libnss_mdns4_minimal.so.2
7f9ffa549000-7f9ffbdff000 r-xp 00000000 08:01 534545                     /usr/lib/x86_64-linux-gnu/libicudata.so.55.1
7f9ffbdff000-7f9ffbffe000 ---p 018b6000 08:01 534545                     /usr/lib/x86_64-linux-gnu/libicudata.so.55.1
7f9ffbffe000-7f9ffbfff000 r--p 018b5000 08:01 534545                     /usr/lib/x86_64-linux-gnu/libicudata.so.55.1
7f9ffbfff000-7f9ffc000000 rw-p 018b6000 08:01 534545                     /usr/lib/x86_64-linux-gnu/libicudata.so.55.1
7f9ffc000000-7f9ffc280000 rw-p 00000000 00:00 0 
7f9ffc280000-7fa000000000 ---p 00000000 00:00 0 
7fa000000000-7fa000021000 rw-p 00000000 00:00 0 
7fa000021000-7fa004000000 ---p 00000000 00:00 0 
7fa004000000-7fa0041c5000 rw-p 00000000 00:00 0 
7fa0041c5000-7fa008000000 ---p 00000000 00:00 0 
7fa008000000-7fa0081bc000 rw-p 00000000 00:00 0 
7fa0081bc000-7fa00c000000 ---p 00000000 00:00 0 
7fa00c000000-7fa00c021000 rw-p 00000000 00:00 0 
7fa00c021000-7fa010000000 ---p 00000000 00:00 0 
7fa010000000-7fa010021000 rw-p 00000000 00:00 0 
7fa010021000-7fa014000000 ---p 00000000 00:00 0 
7fa014000000-7fa014021000 rw-p 00000000 00:00 0 
7fa014021000-7fa018000000 ---p 00000000 00:00 0 
7fa018000000-7fa018021000 rw-p 00000000 00:00 0 
7fa018021000-7fa01c000000 ---p 00000000 00:00 0 
7fa01c000000-7fa01c021000 rw-p 00000000 00:00 0 
7fa01c021000-7fa020000000 ---p 00000000 00:00 0 
7fa020000000-7fa020021000 rw-p 00000000 00:00 0 
7fa020021000-7fa024000000 ---p 00000000 00:00 0 
7fa024000000-7fa024021000 rw-p 00000000 00:00 0 
7fa024021000-7fa028000000 ---p 00000000 00:00 0 
7fa0280e8000-7fa0283e9000 rw-p 00000000 00:00 0 
7fa0283e9000-7fa0283ff000 r-xp 00000000 08:01 939096                     /usr/lib/jvm/java-8-oracle/jre/lib/amd64/libnet.so
7fa0283ff000-7fa0285ff000 ---p 00016000 08:01 939096                     /usr/lib/jvm/java-8-oracle/jre/lib/amd64/libnet.so
7fa0285ff000-7fa028600000 rw-p 00016000 08:01 939096                     /usr/lib/jvm/java-8-oracle/jre/lib/amd64/libnet.so
7fa028600000-7fa028700000 rw-p 00000000 00:00 0 
7fa028700000-7fa028800000 ---p 00000000 00:00 0 
7fa028800000-7fa028832000 r-xp 00000000 08:01 939104                     /usr/lib/jvm/java-8-oracle/jre/lib/amd64/libsunec.so
7fa028832000-7fa028a31000 ---p 00032000 08:01 939104                     /usr/lib/jvm/java-8-oracle/jre/lib/amd64/libsunec.so
7fa028a31000-7fa028a37000 rw-p 00031000 08:01 939104                     /usr/lib/jvm/java-8-oracle/jre/lib/amd64/libsunec.so
7fa028a37000-7fa029420000 rw-p 00000000 00:00 0 
7fa029420000-7fa029439000 r-xp 00000000 08:01 792199                     /lib/x86_64-linux-gnu/libz.so.1.2.8
7fa029439000-7fa029638000 ---p 00019000 08:01 792199                     /lib/x86_64-linux-gnu/libz.so.1.2.8
7fa029638000-7fa029639000 r--p 00018000 08:01 792199                     /lib/x86_64-linux-gnu/libz.so.1.2.8
7fa029639000-7fa02963a000 rw-p 00019000 08:01 792199                     /lib/x86_64-linux-gnu/libz.so.1.2.8
7fa02963a000-7fa0297b9000 r-xp 00000000 08:01 534541                     /usr/lib/x86_64-linux-gnu/libicuuc.so.55.1
7fa0297b9000-7fa0299b9000 ---p 0017f000 08:01 534541                     /usr/lib/x86_64-linux-gnu/libicuuc.so.55.1
7fa0299b9000-7fa0299c9000 r--p 0017f000 08:01 534541                     /usr/lib/x86_64-linux-gnu/libicuuc.so.55.1
7fa0299c9000-7fa0299ca000 rw-p 0018f000 08:01 534541                     /usr/lib/x86_64-linux-gnu/libicuuc.so.55.1
7fa0299ca000-7fa0299ce000 rw-p 00000000 00:00 0 
7fa0299ce000-7fa029c20000 r-xp 00000000 08:01 534542                     /usr/lib/x86_64-linux-gnu/libicui18n.so.55.1
7fa029c20000-7fa029e20000 ---p 00252000 08:01 534542                     /usr/lib/x86_64-linux-gnu/libicui18n.so.55.1
7fa029e20000-7fa029e2f000 r--p 00252000 08:01 534542                     /usr/lib/x86_64-linux-gnu/libicui18n.so.55.1
7fa029e2f000-7fa029e30000 rw-p 00261000 08:01 534542                     /usr/lib/x86_64-linux-gnu/libicui18n.so.55.1
7fa029e30000-7fa029e75000 r-xp 00000000 08:01 558493                     /usr/local/lib/libfoma-0.9.18.so
7fa029e75000-7fa02a074000 ---p 00045000 08:01 558493                     /usr/local/lib/libfoma-0.9.18.so
7fa02a074000-7fa02a075000 r--p 00044000 08:01 558493                     /usr/local/lib/libfoma-0.9.18.so
7fa02a075000-7fa02a076000 rw-p 00045000 08:01 558493                     /usr/local/lib/libfoma-0.9.18.so
7fa02a076000-7fa02b892000 rw-p 00000000 00:00 0 
7fa02b892000-7fa02b8e1000 r-xp 00000000 08:01 558373                     /usr/local/lib/libtreeler-0.4.so
7fa02b8e1000-7fa02bae0000 ---p 0004f000 08:01 558373                     /usr/local/lib/libtreeler-0.4.so
7fa02bae0000-7fa02bae1000 r--p 0004e000 08:01 558373                     /usr/local/lib/libtreeler-0.4.so
7fa02bae1000-7fa02bae2000 rw-p 0004f000 08:01 558373                     /usr/local/lib/libtreeler-0.4.so
7fa02bae2000-7fa02bbe5000 r-xp 00000000 08:01 556634                     /usr/lib/x86_64-linux-gnu/libboost_regex.so.1.58.0
7fa02bbe5000-7fa02bde5000 ---p 00103000 08:01 556634                     /usr/lib/x86_64-linux-gnu/libboost_regex.so.1.58.0
7fa02bde5000-7fa02bde9000 r--p 00103000 08:01 556634                     /usr/lib/x86_64-linux-gnu/libboost_regex.so.1.58.0
7fa02bde9000-7fa02bdea000 rw-p 00107000 08:01 556634                     /usr/lib/x86_64-linux-gnu/libboost_regex.so.1.58.0
7fa02bdea000-7fa02be00000 r-xp 00000000 08:01 792046                     /lib/x86_64-linux-gnu/libgcc_s.so.1
7fa02be00000-7fa02bfff000 ---p 00016000 08:01 792046                     /lib/x86_64-linux-gnu/libgcc_s.so.1
7fa02bfff000-7fa02c000000 rw-p 00015000 08:01 792046                     /lib/x86_64-linux-gnu/libgcc_s.so.1
7fa02c000000-7fa02c021000 rw-p 00000000 00:00 0 
7fa02c021000-7fa030000000 ---p 00000000 00:00 0 
7fa03009f000-7fa0300a9000 r--s 00116000 08:01 10946                      /usr/lib/jvm/java-8-oracle/jre/lib/ext/localedata.jar
7fa0300a9000-7fa030191000 rw-p 00000000 00:00 0 
7fa030191000-7fa030303000 r-xp 00000000 08:01 526586                     /usr/lib/x86_64-linux-gnu/libstdc++.so.6.0.21
7fa030303000-7fa030503000 ---p 00172000 08:01 526586                     /usr/lib/x86_64-linux-gnu/libstdc++.so.6.0.21
7fa030503000-7fa03050d000 r--p 00172000 08:01 526586                     /usr/lib/x86_64-linux-gnu/libstdc++.so.6.0.21
7fa03050d000-7fa03050f000 rw-p 0017c000 08:01 526586                     /usr/lib/x86_64-linux-gnu/libstdc++.so.6.0.21
7fa03050f000-7fa030513000 rw-p 00000000 00:00 0 
7fa030513000-7fa030516000 r-xp 00000000 08:01 536683                     /usr/lib/x86_64-linux-gnu/libboost_system.so.1.58.0
7fa030516000-7fa030715000 ---p 00003000 08:01 536683                     /usr/lib/x86_64-linux-gnu/libboost_system.so.1.58.0
7fa030715000-7fa030716000 r--p 00002000 08:01 536683                     /usr/lib/x86_64-linux-gnu/libboost_system.so.1.58.0
7fa030716000-7fa030717000 rw-p 00003000 08:01 536683                     /usr/lib/x86_64-linux-gnu/libboost_system.so.1.58.0
7fa030717000-7fa030a49000 r-xp 00000000 08:01 558504                     /usr/local/lib/libfreeling-4.0.so
7fa030a49000-7fa030c48000 ---p 00332000 08:01 558504                     /usr/local/lib/libfreeling-4.0.so
7fa030c48000-7fa030c4d000 r--p 00331000 08:01 558504                     /usr/local/lib/libfreeling-4.0.so
7fa030c4d000-7fa030c51000 rw-p 00336000 08:01 558504                     /usr/local/lib/libfreeling-4.0.so
7fa030c51000-7fa030c55000 rw-p 00000000 00:00 0 
7fa030c5b000-7fa030c5d000 r--s 00009000 08:01 10943                      /usr/lib/jvm/java-8-oracle/jre/lib/ext/sunec.jar
7fa030c5d000-7fa030c61000 r--s 0003a000 08:01 10941                      /usr/lib/jvm/java-8-oracle/jre/lib/ext/sunpkcs11.jar
7fa030c61000-7fa030c64000 r--s 0001a000 08:01 939200                     /usr/lib/jvm/java-8-oracle/jre/lib/jce.jar
7fa030c64000-7fa030c68000 r--s 00097000 08:01 939083                     /usr/lib/jvm/java-8-oracle/jre/lib/jsse.jar
7fa030c68000-7fa030c6f000 r--s 00000000 08:01 663969                     /usr/lib/x86_64-linux-gnu/gconv/gconv-modules.cache
7fa030c6f000-7fa030dcc000 r-xp 00000000 08:01 806893                     /home/maksym/Desktop/gitDissertacao/DissertacaoProject V2/libfreeling_javaAPI.so
7fa030dcc000-7fa030fcb000 ---p 0015d000 08:01 806893                     /home/maksym/Desktop/gitDissertacao/DissertacaoProject V2/libfreeling_javaAPI.so
7fa030fcb000-7fa030fcc000 r--p 0015c000 08:01 806893                     /home/maksym/Desktop/gitDissertacao/DissertacaoProject V2/libfreeling_javaAPI.so
7fa030fcc000-7fa030fd3000 rw-p 0015d000 08:01 806893                     /home/maksym/Desktop/gitDissertacao/DissertacaoProject V2/libfreeling_javaAPI.so
7fa030fd3000-7fa030fd4000 r--s 0000c000 08:01 806907                     /home/maksym/Desktop/gitDissertacao/DissertacaoProject V2/Maltparser/maltparser-1.9.0/lib/liblinear-1.8.jar
7fa030fd4000-7fa030fd6000 r--s 0000b000 08:01 806905                     /home/maksym/Desktop/gitDissertacao/DissertacaoProject V2/Maltparser/maltparser-1.9.0/lib/libsvm.jar
7fa030fd6000-7fa030fdd000 r--s 00053000 08:01 806906                     /home/maksym/Desktop/gitDissertacao/DissertacaoProject V2/Maltparser/maltparser-1.9.0/lib/log4j.jar
7fa030fdd000-7fa030feb000 r--s 000c9000 08:01 806904                     /home/maksym/Desktop/gitDissertacao/DissertacaoProject V2/Maltparser/maltparser-1.9.0/maltparser-1.9.0.jar
7fa030feb000-7fa030fee000 r--s 00025000 08:01 808887                     /home/maksym/Desktop/gitDissertacao/DissertacaoProject V2/BabelNet-API-3.7/babelnet-api-3.7.jar
7fa030fee000-7fa030ff7000 r--s 00057000 08:01 809062                     /home/maksym/Desktop/gitDissertacao/DissertacaoProject V2/BabelNet-API-3.7/lib/lucene-queryparser-4.9.0.jar
7fa030ff7000-7fa031020000 r--s 0023b000 08:01 809061                     /home/maksym/Desktop/gitDissertacao/DissertacaoProject V2/BabelNet-API-3.7/lib/lucene-core-4.9.0.jar
7fa031020000-7fa031032000 r--s 000b8000 08:01 809060                     /home/maksym/Desktop/gitDissertacao/DissertacaoProject V2/BabelNet-API-3.7/lib/log4j-core-2.1.jar
7fa031032000-7fa031035000 r--s 0001e000 08:01 809059                     /home/maksym/Desktop/gitDissertacao/DissertacaoProject V2/BabelNet-API-3.7/lib/log4j-api-2.1.jar
7fa031035000-7fa031038000 r--s 00020000 08:01 809058                     /home/maksym/Desktop/gitDissertacao/DissertacaoProject V2/BabelNet-API-3.7/lib/jwi-2.2.3.jar
7fa031038000-7fa03103a000 r--s 00019000 08:01 809057                     /home/maksym/Desktop/gitDissertacao/DissertacaoProject V2/BabelNet-API-3.7/lib/jltutils-2.2.jar
7fa03103a000-7fa03109b000 r--s 00a1a000 08:01 809056                     /home/maksym/Desktop/gitDissertacao/DissertacaoProject V2/BabelNet-API-3.7/lib/icu4j-56.1.jar
7fa03109b000-7fa0310c6000 r--s 001fc000 08:01 809053                     /home/maksym/Desktop/gitDissertacao/DissertacaoProject V2/BabelNet-API-3.7/lib/guava-18.0.jar
7fa0310c6000-7fa0310cb000 r--s 0002a000 08:01 809052                     /home/maksym/Desktop/gitDissertacao/DissertacaoProject V2/BabelNet-API-3.7/lib/gson-2.2.4.jar
7fa0310cb000-7fa0310cd000 r--s 0000e000 08:01 809051                     /home/maksym/Desktop/gitDissertacao/DissertacaoProject V2/BabelNet-API-3.7/lib/commons-logging-1.2.jar
7fa0310cd000-7fa0310d1000 r--s 00038000 08:01 809050                     /home/maksym/Desktop/gitDissertacao/DissertacaoProject V2/BabelNet-API-3.7/lib/commons-lang-2.3.jar
7fa0310d1000-7fa0310d5000 r--s 00020000 08:01 809049                     /home/maksym/Desktop/gitDissertacao/DissertacaoProject V2/BabelNet-API-3.7/lib/commons-digester-1.8.jar
7fa0310d5000-7fa0310db000 r--s 0003d000 08:01 809048                     /home/maksym/Desktop/gitDissertacao/DissertacaoProject V2/BabelNet-API-3.7/lib/commons-configuration-1.5.jar
7fa0310db000-7fa0310e8000 r--s 0007f000 08:01 809047                     /home/maksym/Desktop/gitDissertacao/DissertacaoProject V2/BabelNet-API-3.7/lib/commons-collections-3.2.jar
7fa0310e8000-7fa0310ef000 r--s 0003a000 08:01 809046                     /home/maksym/Desktop/gitDissertacao/DissertacaoProject V2/BabelNet-API-3.7/lib/commons-codec-1.8.jar
7fa0310ef000-7fa0310f3000 r--s 00026000 08:01 809045                     /home/maksym/Desktop/gitDissertacao/DissertacaoProject V2/BabelNet-API-3.7/lib/commons-beanutils-core-1.7.0.jar
7fa0310f3000-7fa0310f8000 r--s 0002a000 08:01 809044                     /home/maksym/Desktop/gitDissertacao/DissertacaoProject V2/BabelNet-API-3.7/lib/commons-beanutils-1.7.0.jar
7fa0310f8000-7fa031101000 r--s 0002d000 08:01 808807                     /home/maksym/Desktop/gitDissertacao/DissertacaoProject V2/apache-jena-3.2.0/lib/xml-apis-1.4.01.jar
7fa031101000-7fa03111a000 r--s 00135000 08:01 808806                     /home/maksym/Desktop/gitDissertacao/DissertacaoProject V2/apache-jena-3.2.0/lib/xercesImpl-2.11.0.jar
7fa03111a000-7fa03111c000 r--s 00009000 08:01 808804                     /home/maksym/Desktop/gitDissertacao/DissertacaoProject V2/apache-jena-3.2.0/lib/slf4j-api-1.7.21.jar
7fa03111c000-7fa031125000 r--s 0006f000 08:01 808803                     /home/maksym/Desktop/gitDissertacao/DissertacaoProject V2/apache-jena-3.2.0/lib/log4j-1.2.17.jar
7fa031125000-7fa03112b000 r--s 00034000 08:01 808802                     /home/maksym/Desktop/gitDissertacao/DissertacaoProject V2/apache-jena-3.2.0/lib/libthrift-0.9.3.jar
7fa03112b000-7fa03112e000 r--s 0001c000 08:01 808801                     /home/maksym/Desktop/gitDissertacao/DissertacaoProject V2/apache-jena-3.2.0/lib/jsonld-java-0.9.0.jar
7fa03112e000-7fa031137000 r--s 00078000 08:01 808800                     /home/maksym/Desktop/gitDissertacao/DissertacaoProject V2/apache-jena-3.2.0/lib/jena-tdb-3.2.0.jar
7fa031137000-7fa03116b000 r--s 0020e000 08:01 808799                     /home/maksym/Desktop/gitDissertacao/DissertacaoProject V2/apache-jena-3.2.0/lib/jena-shaded-guava-3.2.0.jar
7fa03116b000-7fa03116d000 r--s 00020000 08:01 808797                     /home/maksym/Desktop/gitDissertacao/DissertacaoProject V2/apache-jena-3.2.0/lib/jena-iri-3.2.0.jar
7fa03116d000-7fa031187000 r--s 0013f000 08:01 808796                     /home/maksym/Desktop/gitDissertacao/DissertacaoProject V2/apache-jena-3.2.0/lib/jena-core-3.2.0.jar
7fa031187000-7fa03118b000 r--s 00037000 08:01 808795                     /home/maksym/Desktop/gitDissertacao/DissertacaoProject V2/apache-jena-3.2.0/lib/jena-cmds-3.2.0.jar
7fa03118b000-7fa031190000 r--s 00031000 08:01 808794                     /home/maksym/Desktop/gitDissertacao/DissertacaoProject V2/apache-jena-3.2.0/lib/jena-base-3.2.0.jar
7fa031190000-7fa0311c4000 r--s 00288000 08:01 808793                     /home/maksym/Desktop/gitDissertacao/DissertacaoProject V2/apache-jena-3.2.0/lib/jena-arq-3.2.0.jar
7fa0311c4000-7fa0311c6000 r--s 00003000 08:01 808792                     /home/maksym/Desktop/gitDissertacao/DissertacaoProject V2/apache-jena-3.2.0/lib/jcl-over-slf4j-1.7.21.jar
7fa0311c6000-7fa0311d7000 r--s 00115000 08:01 808791                     /home/maksym/Desktop/gitDissertacao/DissertacaoProject V2/apache-jena-3.2.0/lib/jackson-databind-2.7.4.jar
7fa0311d7000-7fa0311da000 r--s 0003b000 08:01 808790                     /home/maksym/Desktop/gitDissertacao/DissertacaoProject V2/apache-jena-3.2.0/lib/jackson-core-2.7.4.jar
7fa0311da000-7fa0311dd000 r--s 0000a000 08:01 808789                     /home/maksym/Desktop/gitDissertacao/DissertacaoProject V2/apache-jena-3.2.0/lib/jackson-annotations-2.7.0.jar
7fa0311dd000-7fa0311e4000 r--s 00049000 08:01 808788                     /home/maksym/Desktop/gitDissertacao/DissertacaoProject V2/apache-jena-3.2.0/lib/httpcore-4.4.4.jar
7fa0311e4000-7fa0311f1000 r--s 000a7000 08:01 808786                     /home/maksym/Desktop/gitDissertacao/DissertacaoProject V2/apache-jena-3.2.0/lib/httpclient-4.5.2.jar
7fa0311f1000-7fa0311f2000 ---p 00000000 00:00 0 
7fa0311f2000-7fa0312f2000 rw-p 00000000 00:00 0 
7fa0312f2000-7fa0312f5000 ---p 00000000 00:00 0 
7fa0312f5000-7fa0313f3000 rw-p 00000000 00:00 0 
7fa0313f3000-7fa0313f6000 ---p 00000000 00:00 0 
7fa0313f6000-7fa0314f4000 rw-p 00000000 00:00 0 
7fa0314f4000-7fa0314f7000 ---p 00000000 00:00 0 
7fa0314f7000-7fa0315f5000 rw-p 00000000 00:00 0 
7fa0315f5000-7fa0315f8000 ---p 00000000 00:00 0 
7fa0315f8000-7fa0316f6000 rw-p 00000000 00:00 0 
7fa0316f6000-7fa0316f9000 ---p 00000000 00:00 0 
7fa0316f9000-7fa0317f7000 rw-p 00000000 00:00 0 
7fa0317f7000-7fa031ad0000 r--p 00000000 08:01 527243                     /usr/lib/locale/locale-archive
7fa031ad0000-7fa031ad3000 ---p 00000000 00:00 0 
7fa031ad3000-7fa031bd1000 rw-p 00000000 00:00 0 
7fa031bd1000-7fa031bd4000 ---p 00000000 00:00 0 
7fa031bd4000-7fa031cd2000 rw-p 00000000 00:00 0 
7fa031cd2000-7fa031cd3000 ---p 00000000 00:00 0 
7fa031cd3000-7fa035000000 rw-p 00000000 00:00 0 
7fa035000000-7fa035330000 rwxp 00000000 00:00 0 
7fa035330000-7fa044000000 ---p 00000000 00:00 0 
7fa044000000-7fa048000000 rw-p 00000000 00:00 0 
7fa048000000-7fa048001000 r--s 00002000 08:01 808805                     /home/maksym/Desktop/gitDissertacao/DissertacaoProject V2/apache-jena-3.2.0/lib/slf4j-log4j12-1.7.21.jar
7fa048001000-7fa048008000 r--s 00064000 08:01 808785                     /home/maksym/Desktop/gitDissertacao/DissertacaoProject V2/apache-jena-3.2.0/lib/commons-lang3-3.4.jar
7fa048008000-7fa04800f000 r--s 0003f000 08:01 808782                     /home/maksym/Desktop/gitDissertacao/DissertacaoProject V2/apache-jena-3.2.0/lib/commons-codec-1.10.jar
7fa04800f000-7fa048483000 rw-p 00000000 00:00 0 
7fa048483000-7fa04865b000 r--s 03d2a000 08:01 939088                     /usr/lib/jvm/java-8-oracle/jre/lib/rt.jar
7fa04865b000-7fa0488bf000 rw-p 00000000 00:00 0 
7fa0488bf000-7fa0488c0000 ---p 00000000 00:00 0 
7fa0488c0000-7fa0489c0000 rw-p 00000000 00:00 0 
7fa0489c0000-7fa0489c1000 ---p 00000000 00:00 0 
7fa0489c1000-7fa048ac1000 rw-p 00000000 00:00 0 
7fa048ac1000-7fa048ac2000 ---p 00000000 00:00 0 
7fa048ac2000-7fa048bc2000 rw-p 00000000 00:00 0 
7fa048bc2000-7fa048bc3000 ---p 00000000 00:00 0 
7fa048bc3000-7fa048cd8000 rw-p 00000000 00:00 0 
7fa048cd8000-7fa048e0d000 ---p 00000000 00:00 0 
7fa048e0d000-7fa048e22000 rw-p 00000000 00:00 0 
7fa048e22000-7fa048f56000 ---p 00000000 00:00 0 
7fa048f56000-7fa048f61000 rw-p 00000000 00:00 0 
7fa048f61000-7fa048ffb000 ---p 00000000 00:00 0 
7fa048ffb000-7fa049009000 rw-p 00000000 00:00 0 
7fa049009000-7fa0493bc000 ---p 00000000 00:00 0 
7fa0493bc000-7fa0493d6000 r-xp 00000000 08:01 939119                     /usr/lib/jvm/java-8-oracle/jre/lib/amd64/libzip.so
7fa0493d6000-7fa0495d6000 ---p 0001a000 08:01 939119                     /usr/lib/jvm/java-8-oracle/jre/lib/amd64/libzip.so
7fa0495d6000-7fa0495d7000 rw-p 0001a000 08:01 939119                     /usr/lib/jvm/java-8-oracle/jre/lib/amd64/libzip.so
7fa0495d7000-7fa0495e2000 r-xp 00000000 08:01 789267                     /lib/x86_64-linux-gnu/libnss_files-2.23.so
7fa0495e2000-7fa0497e1000 ---p 0000b000 08:01 789267                     /lib/x86_64-linux-gnu/libnss_files-2.23.so
7fa0497e1000-7fa0497e2000 r--p 0000a000 08:01 789267                     /lib/x86_64-linux-gnu/libnss_files-2.23.so
7fa0497e2000-7fa0497e3000 rw-p 0000b000 08:01 789267                     /lib/x86_64-linux-gnu/libnss_files-2.23.so
7fa0497e3000-7fa0497e9000 rw-p 00000000 00:00 0 
7fa0497e9000-7fa0497f4000 r-xp 00000000 08:01 789260                     /lib/x86_64-linux-gnu/libnss_nis-2.23.so
7fa0497f4000-7fa0499f3000 ---p 0000b000 08:01 789260                     /lib/x86_64-linux-gnu/libnss_nis-2.23.so
7fa0499f3000-7fa0499f4000 r--p 0000a000 08:01 789260                     /lib/x86_64-linux-gnu/libnss_nis-2.23.so
7fa0499f4000-7fa0499f5000 rw-p 0000b000 08:01 789260                     /lib/x86_64-linux-gnu/libnss_nis-2.23.so
7fa0499f5000-7fa049a0b000 r-xp 00000000 08:01 789262                     /lib/x86_64-linux-gnu/libnsl-2.23.so
7fa049a0b000-7fa049c0a000 ---p 00016000 08:01 789262                     /lib/x86_64-linux-gnu/libnsl-2.23.so
7fa049c0a000-7fa049c0b000 r--p 00015000 08:01 789262                     /lib/x86_64-linux-gnu/libnsl-2.23.so
7fa049c0b000-7fa049c0c000 rw-p 00016000 08:01 789262                     /lib/x86_64-linux-gnu/libnsl-2.23.so
7fa049c0c000-7fa049c0e000 rw-p 00000000 00:00 0 
7fa049c0e000-7fa049c16000 r-xp 00000000 08:01 789269                     /lib/x86_64-linux-gnu/libnss_compat-2.23.so
7fa049c16000-7fa049e15000 ---p 00008000 08:01 789269                     /lib/x86_64-linux-gnu/libnss_compat-2.23.so
7fa049e15000-7fa049e16000 r--p 00007000 08:01 789269                     /lib/x86_64-linux-gnu/libnss_compat-2.23.so
7fa049e16000-7fa049e17000 rw-p 00008000 08:01 789269                     /lib/x86_64-linux-gnu/libnss_compat-2.23.so
7fa049e17000-7fa049e42000 r-xp 00000000 08:01 939146                     /usr/lib/jvm/java-8-oracle/jre/lib/amd64/libjava.so
7fa049e42000-7fa04a041000 ---p 0002b000 08:01 939146                     /usr/lib/jvm/java-8-oracle/jre/lib/amd64/libjava.so
7fa04a041000-7fa04a043000 rw-p 0002a000 08:01 939146                     /usr/lib/jvm/java-8-oracle/jre/lib/amd64/libjava.so
7fa04a043000-7fa04a050000 r-xp 00000000 08:01 939097                     /usr/lib/jvm/java-8-oracle/jre/lib/amd64/libverify.so
7fa04a050000-7fa04a24f000 ---p 0000d000 08:01 939097                     /usr/lib/jvm/java-8-oracle/jre/lib/amd64/libverify.so
7fa04a24f000-7fa04a251000 rw-p 0000c000 08:01 939097                     /usr/lib/jvm/java-8-oracle/jre/lib/amd64/libverify.so
7fa04a251000-7fa04a258000 r-xp 00000000 08:01 789270                     /lib/x86_64-linux-gnu/librt-2.23.so
7fa04a258000-7fa04a457000 ---p 00007000 08:01 789270                     /lib/x86_64-linux-gnu/librt-2.23.so
7fa04a457000-7fa04a458000 r--p 00006000 08:01 789270                     /lib/x86_64-linux-gnu/librt-2.23.so
7fa04a458000-7fa04a459000 rw-p 00007000 08:01 789270                     /lib/x86_64-linux-gnu/librt-2.23.so
7fa04a459000-7fa04a561000 r-xp 00000000 08:01 789261                     /lib/x86_64-linux-gnu/libm-2.23.so
7fa04a561000-7fa04a760000 ---p 00108000 08:01 789261                     /lib/x86_64-linux-gnu/libm-2.23.so
7fa04a760000-7fa04a761000 r--p 00107000 08:01 789261                     /lib/x86_64-linux-gnu/libm-2.23.so
7fa04a761000-7fa04a762000 rw-p 00108000 08:01 789261                     /lib/x86_64-linux-gnu/libm-2.23.so
7fa04a762000-7fa04b42f000 r-xp 00000000 08:01 939150                     /usr/lib/jvm/java-8-oracle/jre/lib/amd64/server/libjvm.so
7fa04b42f000-7fa04b62e000 ---p 00ccd000 08:01 939150                     /usr/lib/jvm/java-8-oracle/jre/lib/amd64/server/libjvm.so
7fa04b62e000-7fa04b707000 rw-p 00ccc000 08:01 939150                     /usr/lib/jvm/java-8-oracle/jre/lib/amd64/server/libjvm.so
7fa04b707000-7fa04b752000 rw-p 00000000 00:00 0 
7fa04b752000-7fa04b911000 r-xp 00000000 08:01 789263                     /lib/x86_64-linux-gnu/libc-2.23.so
7fa04b911000-7fa04bb11000 ---p 001bf000 08:01 789263                     /lib/x86_64-linux-gnu/libc-2.23.so
7fa04bb11000-7fa04bb15000 r--p 001bf000 08:01 789263                     /lib/x86_64-linux-gnu/libc-2.23.so
7fa04bb15000-7fa04bb17000 rw-p 001c3000 08:01 789263                     /lib/x86_64-linux-gnu/libc-2.23.so
7fa04bb17000-7fa04bb1b000 rw-p 00000000 00:00 0 
7fa04bb1b000-7fa04bb1e000 r-xp 00000000 08:01 789259                     /lib/x86_64-linux-gnu/libdl-2.23.so
7fa04bb1e000-7fa04bd1d000 ---p 00003000 08:01 789259                     /lib/x86_64-linux-gnu/libdl-2.23.so
7fa04bd1d000-7fa04bd1e000 r--p 00002000 08:01 789259                     /lib/x86_64-linux-gnu/libdl-2.23.so
7fa04bd1e000-7fa04bd1f000 rw-p 00003000 08:01 789259                     /lib/x86_64-linux-gnu/libdl-2.23.so
7fa04bd1f000-7fa04bd34000 r-xp 00000000 08:01 676230                     /usr/lib/jvm/java-8-oracle/lib/amd64/jli/libjli.so
7fa04bd34000-7fa04bf34000 ---p 00015000 08:01 676230                     /usr/lib/jvm/java-8-oracle/lib/amd64/jli/libjli.so
7fa04bf34000-7fa04bf35000 rw-p 00015000 08:01 676230                     /usr/lib/jvm/java-8-oracle/lib/amd64/jli/libjli.so
7fa04bf35000-7fa04bf4d000 r-xp 00000000 08:01 789274                     /lib/x86_64-linux-gnu/libpthread-2.23.so
7fa04bf4d000-7fa04c14c000 ---p 00018000 08:01 789274                     /lib/x86_64-linux-gnu/libpthread-2.23.so
7fa04c14c000-7fa04c14d000 r--p 00017000 08:01 789274                     /lib/x86_64-linux-gnu/libpthread-2.23.so
7fa04c14d000-7fa04c14e000 rw-p 00018000 08:01 789274                     /lib/x86_64-linux-gnu/libpthread-2.23.so
7fa04c14e000-7fa04c152000 rw-p 00000000 00:00 0 
7fa04c152000-7fa04c178000 r-xp 00000000 08:01 789264                     /lib/x86_64-linux-gnu/ld-2.23.so
7fa04c178000-7fa04c179000 r--s 00009000 08:01 808798                     /home/maksym/Desktop/gitDissertacao/DissertacaoProject V2/apache-jena-3.2.0/lib/jena-rdfconnection-3.2.0.jar
7fa04c179000-7fa04c17d000 r--s 0002f000 08:01 808784                     /home/maksym/Desktop/gitDissertacao/DissertacaoProject V2/apache-jena-3.2.0/lib/commons-io-2.5.jar
7fa04c17d000-7fa04c256000 rw-p 00000000 00:00 0 
7fa04c256000-7fa04c259000 ---p 00000000 00:00 0 
7fa04c259000-7fa04c35b000 rw-p 00000000 00:00 0 
7fa04c35b000-7fa04c35e000 r--s 00024000 08:01 808787                     /home/maksym/Desktop/gitDissertacao/DissertacaoProject V2/apache-jena-3.2.0/lib/httpclient-cache-4.5.2.jar
7fa04c35e000-7fa04c35f000 r--s 00009000 08:01 808783                     /home/maksym/Desktop/gitDissertacao/DissertacaoProject V2/apache-jena-3.2.0/lib/commons-csv-1.3.jar
7fa04c35f000-7fa04c360000 r--s 0000c000 08:01 808781                     /home/maksym/Desktop/gitDissertacao/DissertacaoProject V2/apache-jena-3.2.0/lib/commons-cli-1.3.jar
7fa04c360000-7fa04c365000 r--s 00023000 08:01 808780                     /home/maksym/Desktop/gitDissertacao/DissertacaoProject V2/apache-jena-3.2.0/lib/collection-0.6.jar
7fa04c365000-7fa04c36b000 r--s 00036000 08:01 559188                     /home/maksym/freelingDirectory/APIs/java/freeling.jar
7fa04c36b000-7fa04c373000 rw-s 00000000 08:01 135247                     /tmp/hsperfdata_maksym/4043
7fa04c373000-7fa04c374000 rw-p 00000000 00:00 0 
7fa04c374000-7fa04c375000 r--p 00000000 00:00 0 
7fa04c375000-7fa04c377000 rw-p 00000000 00:00 0 
7fa04c377000-7fa04c378000 r--p 00025000 08:01 789264                     /lib/x86_64-linux-gnu/ld-2.23.so
7fa04c378000-7fa04c379000 rw-p 00026000 08:01 789264                     /lib/x86_64-linux-gnu/ld-2.23.so
7fa04c379000-7fa04c37a000 rw-p 00000000 00:00 0 
7ffd9faf7000-7ffd9fb19000 rw-p 00000000 00:00 0                          [stack]
7ffd9fb34000-7ffd9fb36000 r--p 00000000 00:00 0                          [vvar]
7ffd9fb36000-7ffd9fb38000 r-xp 00000000 00:00 0                          [vdso]
ffffffffff600000-ffffffffff601000 r-xp 00000000 00:00 0                  [vsyscall]

VM Arguments:
jvm_args: -Dfile.encoding=UTF-8 
java_command: Main
java_class_path (initial): /home/maksym/freelingDirectory/APIs/java/freeling.jar:/home/maksym/Desktop/gitDissertacao/DissertacaoProject V2/apache-jena-3.2.0/lib/collection-0.6.jar:/home/maksym/Desktop/gitDissertacao/DissertacaoProject V2/apache-jena-3.2.0/lib/commons-cli-1.3.jar:/home/maksym/Desktop/gitDissertacao/DissertacaoProject V2/apache-jena-3.2.0/lib/commons-codec-1.10.jar:/home/maksym/Desktop/gitDissertacao/DissertacaoProject V2/apache-jena-3.2.0/lib/commons-csv-1.3.jar:/home/maksym/Desktop/gitDissertacao/DissertacaoProject V2/apache-jena-3.2.0/lib/commons-io-2.5.jar:/home/maksym/Desktop/gitDissertacao/DissertacaoProject V2/apache-jena-3.2.0/lib/commons-lang3-3.4.jar:/home/maksym/Desktop/gitDissertacao/DissertacaoProject V2/apache-jena-3.2.0/lib/httpclient-4.5.2.jar:/home/maksym/Desktop/gitDissertacao/DissertacaoProject V2/apache-jena-3.2.0/lib/httpclient-cache-4.5.2.jar:/home/maksym/Desktop/gitDissertacao/DissertacaoProject V2/apache-jena-3.2.0/lib/httpcore-4.4.4.jar:/home/maksym/Desktop/gitDissertacao/DissertacaoProject V2/apache-jena-3.2.0/lib/jackson-annotations-2.7.0.jar:/home/maksym/Desktop/gitDissertacao/DissertacaoProject V2/apache-jena-3.2.0/lib/jackson-core-2.7.4.jar:/home/maksym/Desktop/gitDissertacao/DissertacaoProject V2/apache-jena-3.2.0/lib/jackson-databind-2.7.4.jar:/home/maksym/Desktop/gitDissertacao/DissertacaoProject V2/apache-jena-3.2.0/lib/jcl-over-slf4j-1.7.21.jar:/home/maksym/Desktop/gitDissertacao/DissertacaoProject V2/apache-jena-3.2.0/lib/jena-arq-3.2.0.jar:/home/maksym/Desktop/gitDissertacao/DissertacaoProject V2/apache-jena-3.2.0/lib/jena-base-3.2.0.jar:/home/maksym/Desktop/gitDissertacao/DissertacaoProject V2/apache-jena-3.2.0/lib/jena-cmds-3.2.0.jar:/home/maksym/Desktop/gitDissertacao/DissertacaoProject V2/apache-jena-3.2.0/lib/jena-core-3.2.0.jar:/home/maksym/Desktop/gitDissertacao/DissertacaoProject V2/apache-jena-3.2.0/lib/jena-iri-3.2.0.jar:/home/maksym/Desktop/gitDissertacao/DissertacaoProject V2/apache-jena-3.2.0/lib/jen
Launcher Type: SUN_STANDARD

Environment Variables:
JAVA_HOME=/usr/lib/jvm/java-8-oracle
PATH=/home/maksym/bin:/home/maksym/.local/bin:/usr/local/sbin:/usr/local/bin:/usr/sbin:/usr/bin:/sbin:/bin:/usr/games:/usr/local/games:/snap/bin:/usr/lib/jvm/java-8-oracle/bin:/usr/lib/jvm/java-8-oracle/db/bin:/usr/lib/jvm/java-8-oracle/jre/bin
LD_LIBRARY_PATH=/usr/lib/jvm/java-8-oracle/jre/lib/amd64:/usr/lib/jvm/java-8-oracle/jre/lib/i386:
SHELL=/bin/bash
DISPLAY=:0

Signal Handlers:
SIGSEGV: [libjvm.so+0xac64b0], sa_mask[0]=11111111011111111101111111111110, sa_flags=SA_RESTART|SA_SIGINFO
SIGBUS: [libjvm.so+0xac64b0], sa_mask[0]=11111111011111111101111111111110, sa_flags=SA_RESTART|SA_SIGINFO
SIGFPE: [libjvm.so+0x91f950], sa_mask[0]=11111111011111111101111111111110, sa_flags=SA_RESTART|SA_SIGINFO
SIGPIPE: [libjvm.so+0x91f950], sa_mask[0]=11111111011111111101111111111110, sa_flags=SA_RESTART|SA_SIGINFO
SIGXFSZ: [libjvm.so+0x91f950], sa_mask[0]=11111111011111111101111111111110, sa_flags=SA_RESTART|SA_SIGINFO
SIGILL: [libjvm.so+0x91f950], sa_mask[0]=11111111011111111101111111111110, sa_flags=SA_RESTART|SA_SIGINFO
SIGUSR1: SIG_DFL, sa_mask[0]=00000000000000000000000000000000, sa_flags=none
SIGUSR2: [libjvm.so+0x920f80], sa_mask[0]=00100000000000000000000000000000, sa_flags=SA_RESTART|SA_SIGINFO
SIGHUP: [libjvm.so+0x922380], sa_mask[0]=11111111011111111101111111111110, sa_flags=SA_RESTART|SA_SIGINFO
SIGINT: SIG_IGN, sa_mask[0]=00000000000000000000000000000000, sa_flags=none
SIGTERM: [libjvm.so+0x922380], sa_mask[0]=11111111011111111101111111111110, sa_flags=SA_RESTART|SA_SIGINFO
SIGQUIT: [libjvm.so+0x922380], sa_mask[0]=11111111011111111101111111111110, sa_flags=SA_RESTART|SA_SIGINFO


---------------  S Y S T E M  ---------------

OS:DISTRIB_ID=Ubuntu
DISTRIB_RELEASE=16.04
DISTRIB_CODENAME=xenial
DISTRIB_DESCRIPTION="Ubuntu 16.04.1 LTS"

uname:Linux 4.4.0-75-generic #96-Ubuntu SMP Thu Apr 20 09:56:33 UTC 2017 x86_64
libc:glibc 2.23 NPTL 2.23 
rlimit: STACK 8192k, CORE 0k, NPROC 15653, NOFILE 65536, AS infinity
load average:1.73 1.41 0.64

/proc/meminfo:
MemTotal:        4046240 kB
MemFree:          353648 kB
MemAvailable:    1493528 kB
Buffers:           77508 kB
Cached:          1238920 kB
SwapCached:            0 kB
Active:          2688128 kB
Inactive:         809240 kB
Active(anon):    2181840 kB
Inactive(anon):    19716 kB
Active(file):     506288 kB
Inactive(file):   789524 kB
Unevictable:           0 kB
Mlocked:               0 kB
SwapTotal:       3057660 kB
SwapFree:        3057660 kB
Dirty:                44 kB
Writeback:             0 kB
AnonPages:       2180952 kB
Mapped:           362268 kB
Shmem:             20476 kB
Slab:             120892 kB
SReclaimable:      94400 kB
SUnreclaim:        26492 kB
KernelStack:        9536 kB
PageTables:        33132 kB
NFS_Unstable:          0 kB
Bounce:                0 kB
WritebackTmp:          0 kB
CommitLimit:     5080780 kB
Committed_AS:    5589892 kB
VmallocTotal:   34359738367 kB
VmallocUsed:           0 kB
VmallocChunk:          0 kB
HardwareCorrupted:     0 kB
AnonHugePages:    655360 kB
CmaTotal:              0 kB
CmaFree:               0 kB
HugePages_Total:       0
HugePages_Free:        0
HugePages_Rsvd:        0
HugePages_Surp:        0
Hugepagesize:       2048 kB
DirectMap4k:       83904 kB
DirectMap2M:     4110336 kB


CPU:total 4 (4 cores per cpu, 1 threads per core) family 6 model 58 stepping 9, cmov, cx8, fxsr, mmx, sse, sse2, sse3, ssse3, sse4.1, sse4.2, popcnt, avx, aes, clmul, tsc, tscinvbit, tscinv

/proc/cpuinfo:
processor	: 0
vendor_id	: GenuineIntel
cpu family	: 6
model		: 58
model name	: Intel(R) Core(TM) i5-3570 CPU @ 3.40GHz
stepping	: 9
microcode	: 0x19
cpu MHz		: 3392.294
cache size	: 6144 KB
physical id	: 0
siblings	: 4
core id		: 0
cpu cores	: 4
apicid		: 0
initial apicid	: 0
fpu		: yes
fpu_exception	: yes
cpuid level	: 13
wp		: yes
flags		: fpu vme de pse tsc msr pae mce cx8 apic sep mtrr pge mca cmov pat pse36 clflush mmx fxsr sse sse2 ht syscall nx rdtscp lm constant_tsc rep_good nopl xtopology nonstop_tsc pni pclmulqdq ssse3 cx16 sse4_1 sse4_2 x2apic popcnt aes xsave avx rdrand hypervisor lahf_lm
bugs		:
bogomips	: 6784.58
clflush size	: 64
cache_alignment	: 64
address sizes	: 36 bits physical, 48 bits virtual
power management:

processor	: 1
vendor_id	: GenuineIntel
cpu family	: 6
model		: 58
model name	: Intel(R) Core(TM) i5-3570 CPU @ 3.40GHz
stepping	: 9
microcode	: 0x19
cpu MHz		: 3392.294
cache size	: 6144 KB
physical id	: 0
siblings	: 4
core id		: 1
cpu cores	: 4
apicid		: 1
initial apicid	: 1
fpu		: yes
fpu_exception	: yes
cpuid level	: 13
wp		: yes
flags		: fpu vme de pse tsc msr pae mce cx8 apic sep mtrr pge mca cmov pat pse36 clflush mmx fxsr sse sse2 ht syscall nx rdtscp lm constant_tsc rep_good nopl xtopology nonstop_tsc pni pclmulqdq ssse3 cx16 sse4_1 sse4_2 x2apic popcnt aes xsave avx rdrand hypervisor lahf_lm
bugs		:
bogomips	: 6784.58
clflush size	: 64
cache_alignment	: 64
address sizes	: 36 bits physical, 48 bits virtual
power management:

processor	: 2
vendor_id	: GenuineIntel
cpu family	: 6
model		: 58
model name	: Intel(R) Core(TM) i5-3570 CPU @ 3.40GHz
stepping	: 9
microcode	: 0x19
cpu MHz		: 3392.294
cache size	: 6144 KB
physical id	: 0
siblings	: 4
core id		: 2
cpu cores	: 4
apicid		: 2
initial apicid	: 2
fpu		: yes
fpu_exception	: yes
cpuid level	: 13
wp		: yes
flags		: fpu vme de pse tsc msr pae mce cx8 apic sep mtrr pge mca cmov pat pse36 clflush mmx fxsr sse sse2 ht syscall nx rdtscp lm constant_tsc rep_good nopl xtopology nonstop_tsc pni pclmulqdq ssse3 cx16 sse4_1 sse4_2 x2apic popcnt aes xsave avx rdrand hypervisor lahf_lm
bugs		:
bogomips	: 6784.58
clflush size	: 64
cache_alignment	: 64
address sizes	: 36 bits physical, 48 bits virtual
power management:

processor	: 3
vendor_id	: GenuineIntel
cpu family	: 6
model		: 58
model name	: Intel(R) Core(TM) i5-3570 CPU @ 3.40GHz
stepping	: 9
microcode	: 0x19
cpu MHz		: 3392.294
cache size	: 6144 KB
physical id	: 0
siblings	: 4
core id		: 3
cpu cores	: 4
apicid		: 3
initial apicid	: 3
fpu		: yes
fpu_exception	: yes
cpuid level	: 13
wp		: yes
flags		: fpu vme de pse tsc msr pae mce cx8 apic sep mtrr pge mca cmov pat pse36 clflush mmx fxsr sse sse2 ht syscall nx rdtscp lm constant_tsc rep_good nopl xtopology nonstop_tsc pni pclmulqdq ssse3 cx16 sse4_1 sse4_2 x2apic popcnt aes xsave avx rdrand hypervisor lahf_lm
bugs		:
bogomips	: 6784.58
clflush size	: 64
cache_alignment	: 64
address sizes	: 36 bits physical, 48 bits virtual
power management:



Memory: 4k page, physical 4046240k(353648k free), swap 3057660k(3057660k free)

vm_info: Java HotSpot(TM) 64-Bit Server VM (25.111-b14) for linux-amd64 JRE (1.8.0_111-b14), built on Sep 22 2016 16:14:03 by "java_re" with gcc 4.3.0 20080428 (Red Hat 4.3.0-8)

time: Mon May  1 12:41:52 2017
elapsed time: 17 seconds (0d 0h 0m 17s)

