#
# A fatal error has been detected by the Java Runtime Environment:
#
#  SIGSEGV (0xb) at pc=0x00007fd3e5e469c2, pid=6675, tid=0x00007fd3cc239700
#
# JRE version: Java(TM) SE Runtime Environment (8.0_111-b14) (build 1.8.0_111-b14)
# Java VM: Java HotSpot(TM) 64-Bit Server VM (25.111-b14 mixed mode linux-amd64 compressed oops)
# Problematic frame:
# C  [libc.so.6+0x7f9c2]
#
# Failed to write core dump. Core dumps have been disabled. To enable core dumping, try "ulimit -c unlimited" before starting Java again
#
# If you would like to submit a bug report, please visit:
#   http://bugreport.java.com/bugreport/crash.jsp
# The crash happened outside the Java Virtual Machine in native code.
# See problematic frame for where to report the bug.
#

---------------  T H R E A D  ---------------

Current thread (0x00007fd3e0086000):  JavaThread "Finalizer" daemon [_thread_in_native, id=6687, stack(0x00007fd3cc139000,0x00007fd3cc23a000)]

siginfo: si_signo: 11 (SIGSEGV), si_code: 128 (SI_KERNEL), si_addr: 0x0000000000000000

Registers:
RAX=0x00007fd36c313520, RBX=0x00007fd37c217cc0, RCX=0x00007fd36c28ee00, RDX=0xffffff96ffffffa0
RSP=0x00007fd3cc238390, RBP=0x00007fd3e0000020, RSI=0x0000000000000001, RDI=0x00007fd3e0000020
R8 =0x00007fd37c20de40, R9 =0x0000000000000001, R10=0x0000000000000525, R11=0x00007fd3c6fc34a0
R12=0x0000006900000060, R13=0x0000803c7c217d20, R14=0x00007fd36c28a190, R15=0x00007fd3e0086000
RIP=0x00007fd3e5e469c2, EFLAGS=0x0000000000010202, CSGSFS=0x0000000000000033, ERR=0x0000000000000000
  TRAPNO=0x000000000000000d

Top of Stack: (sp=0x00007fd3cc238390)
0x00007fd3cc238390:   0000000000000000 0000000000000000
0x00007fd3cc2383a0:   ffffffffffffffff 0000000000ffffff
0x00007fd3cc2383b0:   0000000000000000 0000000000000000
0x00007fd3cc2383c0:   6f4374757074754f 0025000000000001
0x00007fd3cc2383d0:   0000000000000000 0000000000000000
0x00007fd3cc2383e0:   000074757074754f 0000000000000000
0x00007fd3cc2383f0:   0000000000000000 00007fd36c298300
0x00007fd3cc238400:   0000000000000073 00007fd36c296b10
0x00007fd3cc238410:   00007fd3cda393b0 00007fd36c28a190
0x00007fd3cc238420:   00007fd3e0086000 00007fd3e5e4a98c
0x00007fd3cc238430:   0000000000000000 0000000000000000
0x00007fd3cc238440:   00007fd3cd62a650 00007fd3cd62ad28
0x00007fd3cc238450:   0000000000000000 00007fd36c298300
0x00007fd3cc238460:   0000000000000073 00007fd36c296b10
0x00007fd3cc238470:   00007fd3cda393b0 00007fd3c6efe828
0x00007fd3cc238480:   00007fd3cc2384a0 00007fd36c292920
0x00007fd3cc238490:   00007fd36c296e70 00007fd36c296ad0
0x00007fd3cc2384a0:   0000000000000000 00007fd3cc2385f8
0x00007fd3cc2384b0:   00007fd3e0086000 00007fd36c295050
0x00007fd3cc2384c0:   0000000000000001 00007fd36c28a000
0x00007fd3cc2384d0:   00007fd36c28a000 0000000000000000
0x00007fd3cc2384e0:   00007fd3cda393b0 00007fd3cc2385f8
0x00007fd3cc2384f0:   00007fd3e0086000 00007fd3c6ef4ab7
0x00007fd3cc238500:   00007fd36c294628 00007fd3c6fc34b9
0x00007fd3cc238510:   00007fd36c294620 00007fd36c294620
0x00007fd3cc238520:   00007fd3cc238570 00007fd3c73dacc3
0x00007fd3cc238530:   00007fd3e0086000 00007fd36c294620
0x00007fd3cc238540:   00007fd3cc2385e0 00007fd3e00861f8
0x00007fd3cc238550:   0000000000000000 00007fd36c294620
0x00007fd3cc238560:   00007fd3cc2385d0 00007fd3cda393b0
0x00007fd3cc238570:   00007fd3cc2385d0 00007fd3d09dea34
0x00007fd3cc238580:   00007fd3e0086000 00007fd3d09de782 

Instructions: (pc=0x00007fd3e5e469c2)
0x00007fd3e5e469a2:   2c 26 48 39 c6 0f 84 e1 0e 00 00 45 31 c9 c7 44
0x00007fd3e5e469b2:   24 38 00 00 00 00 f6 45 04 02 0f 84 7e 08 00 00
0x00007fd3e5e469c2:   49 8b 45 08 a8 01 0f 84 92 08 00 00 49 89 c7 49
0x00007fd3e5e469d2:   83 e7 f8 48 83 f8 10 0f 86 d1 06 00 00 4c 3b bd 

Register to memory mapping:

RAX=0x00007fd36c313520 is an unknown value
RBX=0x00007fd37c217cc0 is an unknown value
RCX=0x00007fd36c28ee00 is an unknown value
RDX=0xffffff96ffffffa0 is an unknown value
RSP=0x00007fd3cc238390 is pointing into the stack for thread: 0x00007fd3e0086000
RBP=0x00007fd3e0000020 is an unknown value
RSI=0x0000000000000001 is an unknown value
RDI=0x00007fd3e0000020 is an unknown value
R8 =0x00007fd37c20de40 is an unknown value
R9 =0x0000000000000001 is an unknown value
R10=0x0000000000000525 is an unknown value
R11=0x00007fd3c6fc34a0: _ZN8freeling2io10io_handlerD2Ev+0 in /usr/local/lib/libfreeling-4.0.so at 0x00007fd3c6d8c000
R12=0x0000006900000060 is an unknown value
R13=0x0000803c7c217d20 is an unknown value
R14=0x00007fd36c28a190 is an unknown value
R15=0x00007fd3e0086000 is a thread


Stack: [0x00007fd3cc139000,0x00007fd3cc23a000],  sp=0x00007fd3cc238390,  free space=1020k
Native frames: (J=compiled Java code, j=interpreted, Vv=VM code, C=native code)
C  [libc.so.6+0x7f9c2]

Java frames: (J=compiled Java code, j=interpreted, Vv=VM code)
j  edu.upc.freeling.freelingJNI.delete_OutputConll(J)V+0
j  edu.upc.freeling.OutputConll.delete()V+25
j  edu.upc.freeling.OutputConll.finalize()V+1
J 786 C1 java.lang.ref.Finalizer.runFinalizer(Lsun/misc/JavaLangAccess;)V (62 bytes) @ 0x00007fd3d0cda984 [0x00007fd3d0cda400+0x584]
J 785 C1 java.lang.ref.Finalizer.access$100(Ljava/lang/ref/Finalizer;Lsun/misc/JavaLangAccess;)V (6 bytes) @ 0x00007fd3d0cda09c [0x00007fd3d0cda040+0x5c]
j  java.lang.ref.Finalizer$FinalizerThread.run()V+45
v  ~StubRoutines::call_stub

---------------  P R O C E S S  ---------------

Java Threads: ( => current thread )
  0x00007fd3e00c3800 JavaThread "Service Thread" daemon [_thread_blocked, id=6692, stack(0x00007fd3c7923000,0x00007fd3c7a24000)]
  0x00007fd3e00c0800 JavaThread "C1 CompilerThread2" daemon [_thread_blocked, id=6691, stack(0x00007fd3c7a24000,0x00007fd3c7b25000)]
  0x00007fd3e00bf000 JavaThread "C2 CompilerThread1" daemon [_thread_blocked, id=6690, stack(0x00007fd3c7b25000,0x00007fd3c7c26000)]
  0x00007fd3e00bc000 JavaThread "C2 CompilerThread0" daemon [_thread_blocked, id=6689, stack(0x00007fd3c7c26000,0x00007fd3c7d27000)]
  0x00007fd3e00ba800 JavaThread "Signal Dispatcher" daemon [_thread_blocked, id=6688, stack(0x00007fd3cc038000,0x00007fd3cc139000)]
=>0x00007fd3e0086000 JavaThread "Finalizer" daemon [_thread_in_native, id=6687, stack(0x00007fd3cc139000,0x00007fd3cc23a000)]
  0x00007fd3e0081800 JavaThread "Reference Handler" daemon [_thread_blocked, id=6686, stack(0x00007fd3cc23a000,0x00007fd3cc33b000)]
  0x00007fd3e000c000 JavaThread "main" [_thread_in_native, id=6680, stack(0x00007fd3e68cb000,0x00007fd3e69cc000)]

Other Threads:
  0x00007fd3e007a000 VMThread [stack: 0x00007fd3cc33b000,0x00007fd3cc43c000] [id=6685]
  0x00007fd3e00c6800 WatcherThread [stack: 0x00007fd3c7822000,0x00007fd3c7923000] [id=6693]

VM state:not at safepoint (normal execution)

VM Mutex/Monitor currently owned by a thread: None

Heap:
 PSYoungGen      total 18432K, used 3264K [0x00000000eb700000, 0x00000000edb00000, 0x0000000100000000)
  eden space 15872K, 4% used [0x00000000eb700000,0x00000000eb7b81d8,0x00000000ec680000)
  from space 2560K, 98% used [0x00000000ec900000,0x00000000ecb78030,0x00000000ecb80000)
  to   space 2560K, 0% used [0x00000000ec680000,0x00000000ec680000,0x00000000ec900000)
 ParOldGen       total 42496K, used 4385K [0x00000000c2400000, 0x00000000c4d80000, 0x00000000eb700000)
  object space 42496K, 10% used [0x00000000c2400000,0x00000000c2848418,0x00000000c4d80000)
 Metaspace       used 10028K, capacity 10184K, committed 10496K, reserved 1058816K
  class space    used 1163K, capacity 1216K, committed 1280K, reserved 1048576K

Card table byte_map: [0x00007fd3d0418000,0x00007fd3d0607000] byte_map_base: 0x00007fd3cfe06000

Marking Bits: (ParMarkBitMap*) 0x00007fd3e5d9a220
 Begin Bits: [0x00007fd3cdfea000, 0x00007fd3cef5a000)
 End Bits:   [0x00007fd3cef5a000, 0x00007fd3cfeca000)

Polling page: 0x00007fd3e69e9000

CodeCache: size=245760Kb used=3151Kb max_used=3164Kb free=242608Kb
 bounds [0x00007fd3d09c7000, 0x00007fd3d0ce7000, 0x00007fd3df9c7000]
 total_blobs=1137 nmethods=792 adapters=259
 compilation: enabled

Compilation events (10 events):
Event: 20.038 Thread 0x00007fd3e00c0800 nmethod 789 0x00007fd3d0cdba50 code [0x00007fd3d0cdbbc0, 0x00007fd3d0cdbde8]
Event: 20.038 Thread 0x00007fd3e00c0800  792   !   3       java.util.Collections$SynchronizedMap::put (28 bytes)
Event: 20.038 Thread 0x00007fd3e00c0800 nmethod 792 0x00007fd3d0cdbe90 code [0x00007fd3d0cdc000, 0x00007fd3d0cdc3a8]
Event: 20.038 Thread 0x00007fd3e00c0800  790       1       java.lang.reflect.Field::getGenericSignature (5 bytes)
Event: 20.038 Thread 0x00007fd3e00c0800 nmethod 790 0x00007fd3d0cdc510 code [0x00007fd3d0cdc660, 0x00007fd3d0cdc770]
Event: 20.038 Thread 0x00007fd3e00c0800  777       3       java.lang.ref.Reference::clear (6 bytes)
Event: 20.038 Thread 0x00007fd3e00c0800 nmethod 777 0x00007fd3d0cdc7d0 code [0x00007fd3d0cdc920, 0x00007fd3d0cdca90]
Event: 20.038 Thread 0x00007fd3e00c0800  780   !   3       java.lang.ref.ReferenceQueue::enqueue (119 bytes)
Event: 20.039 Thread 0x00007fd3e00c0800 nmethod 780 0x00007fd3d0cdcb10 code [0x00007fd3d0cdccc0, 0x00007fd3d0cdd428]
Event: 20.042 Thread 0x00007fd3e00bf000 nmethod 791 0x00007fd3d0ce0a10 code [0x00007fd3d0ce0bc0, 0x00007fd3d0ce13a0]

GC Heap History (4 events):
Event: 17.836 GC heap before
{Heap before GC invocations=1 (full 0):
 PSYoungGen      total 18432K, used 15872K [0x00000000eb700000, 0x00000000ecb80000, 0x0000000100000000)
  eden space 15872K, 100% used [0x00000000eb700000,0x00000000ec680000,0x00000000ec680000)
  from space 2560K, 0% used [0x00000000ec900000,0x00000000ec900000,0x00000000ecb80000)
  to   space 2560K, 0% used [0x00000000ec680000,0x00000000ec680000,0x00000000ec900000)
 ParOldGen       total 42496K, used 0K [0x00000000c2400000, 0x00000000c4d80000, 0x00000000eb700000)
  object space 42496K, 0% used [0x00000000c2400000,0x00000000c2400000,0x00000000c4d80000)
 Metaspace       used 6813K, capacity 6906K, committed 6912K, reserved 1056768K
  class space    used 731K, capacity 764K, committed 768K, reserved 1048576K
Event: 17.863 GC heap after
Heap after GC invocations=1 (full 0):
 PSYoungGen      total 18432K, used 2528K [0x00000000eb700000, 0x00000000ecb80000, 0x0000000100000000)
  eden space 15872K, 0% used [0x00000000eb700000,0x00000000eb700000,0x00000000ec680000)
  from space 2560K, 98% used [0x00000000ec680000,0x00000000ec8f8040,0x00000000ec900000)
  to   space 2560K, 0% used [0x00000000ec900000,0x00000000ec900000,0x00000000ecb80000)
 ParOldGen       total 42496K, used 1643K [0x00000000c2400000, 0x00000000c4d80000, 0x00000000eb700000)
  object space 42496K, 3% used [0x00000000c2400000,0x00000000c259ac08,0x00000000c4d80000)
 Metaspace       used 6813K, capacity 6906K, committed 6912K, reserved 1056768K
  class space    used 731K, capacity 764K, committed 768K, reserved 1048576K
}
Event: 19.979 GC heap before
{Heap before GC invocations=2 (full 0):
 PSYoungGen      total 18432K, used 18400K [0x00000000eb700000, 0x00000000ecb80000, 0x0000000100000000)
  eden space 15872K, 100% used [0x00000000eb700000,0x00000000ec680000,0x00000000ec680000)
  from space 2560K, 98% used [0x00000000ec680000,0x00000000ec8f8040,0x00000000ec900000)
  to   space 2560K, 0% used [0x00000000ec900000,0x00000000ec900000,0x00000000ecb80000)
 ParOldGen       total 42496K, used 1643K [0x00000000c2400000, 0x00000000c4d80000, 0x00000000eb700000)
  object space 42496K, 3% used [0x00000000c2400000,0x00000000c259ac08,0x00000000c4d80000)
 Metaspace       used 10026K, capacity 10184K, committed 10496K, reserved 1058816K
  class space    used 1163K, capacity 1216K, committed 1280K, reserved 1048576K
Event: 20.030 GC heap after
Heap after GC invocations=2 (full 0):
 PSYoungGen      total 18432K, used 2528K [0x00000000eb700000, 0x00000000edb00000, 0x0000000100000000)
  eden space 15872K, 0% used [0x00000000eb700000,0x00000000eb700000,0x00000000ec680000)
  from space 2560K, 98% used [0x00000000ec900000,0x00000000ecb78030,0x00000000ecb80000)
  to   space 2560K, 0% used [0x00000000ec680000,0x00000000ec680000,0x00000000ec900000)
 ParOldGen       total 42496K, used 4385K [0x00000000c2400000, 0x00000000c4d80000, 0x00000000eb700000)
  object space 42496K, 10% used [0x00000000c2400000,0x00000000c2848418,0x00000000c4d80000)
 Metaspace       used 10026K, capacity 10184K, committed 10496K, reserved 1058816K
  class space    used 1163K, capacity 1216K, committed 1280K, reserved 1048576K
}

Deoptimization events (10 events):
Event: 17.956 Thread 0x00007fd3e000c000 Uncommon trap: reason=class_check action=maybe_recompile pc=0x00007fd3d0b95f70 method=java.util.concurrent.ConcurrentHashMap.putVal(Ljava/lang/Object;Ljava/lang/Object;Z)Ljava/lang/Object; @ 17
Event: 17.958 Thread 0x00007fd3e000c000 Uncommon trap: reason=class_check action=maybe_recompile pc=0x00007fd3d0b95f70 method=java.util.concurrent.ConcurrentHashMap.putVal(Ljava/lang/Object;Ljava/lang/Object;Z)Ljava/lang/Object; @ 17
Event: 17.960 Thread 0x00007fd3e000c000 Uncommon trap: reason=class_check action=maybe_recompile pc=0x00007fd3d0b95f70 method=java.util.concurrent.ConcurrentHashMap.putVal(Ljava/lang/Object;Ljava/lang/Object;Z)Ljava/lang/Object; @ 17
Event: 17.964 Thread 0x00007fd3e000c000 Uncommon trap: reason=unstable_if action=reinterpret pc=0x00007fd3d0c23920 method=java.io.ByteArrayInputStream.read([BII)I @ 63
Event: 18.204 Thread 0x00007fd3e000c000 Uncommon trap: reason=unstable_if action=reinterpret pc=0x00007fd3d0c59f28 method=java.util.HashMap.getNode(ILjava/lang/Object;)Ljava/util/HashMap$Node; @ 62
Event: 18.293 Thread 0x00007fd3e000c000 Uncommon trap: reason=unstable_if action=reinterpret pc=0x00007fd3d0bbc65c method=java.lang.CharacterDataLatin1.digit(II)I @ 82
Event: 18.343 Thread 0x00007fd3e000c000 Uncommon trap: reason=predicate action=maybe_recompile pc=0x00007fd3d0c8c95c method=sun.net.www.ParseUtil.encodePath(Ljava/lang/String;Z)Ljava/lang/String; @ 36
Event: 18.926 Thread 0x00007fd3e000c000 Uncommon trap: reason=unstable_if action=reinterpret pc=0x00007fd3d0c46dd0 method=java.util.concurrent.ConcurrentHashMap.putVal(Ljava/lang/Object;Ljava/lang/Object;Z)Ljava/lang/Object; @ 181
Event: 18.928 Thread 0x00007fd3e000c000 Uncommon trap: reason=unstable_if action=reinterpret pc=0x00007fd3d0bf0350 method=java.io.ByteArrayInputStream.read()I @ 8
Event: 19.619 Thread 0x00007fd3e000c000 Uncommon trap: reason=unstable_if action=reinterpret pc=0x00007fd3d0c8fb48 method=java.util.HashMap.putVal(ILjava/lang/Object;Ljava/lang/Object;ZZ)Ljava/lang/Object; @ 94

Internal exceptions (10 events):
Event: 17.462 Thread 0x00007fd3e000c000 Exception <a 'java/security/PrivilegedActionException'> (0x00000000eb9dcfd8) thrown at [/HUDSON3/workspace/8-2-build-linux-amd64/jdk8u111/7883/hotspot/src/share/vm/prims/jvm.cpp, line 1386]
Event: 17.462 Thread 0x00007fd3e000c000 Exception <a 'java/security/PrivilegedActionException'> (0x00000000eb9dd1e8) thrown at [/HUDSON3/workspace/8-2-build-linux-amd64/jdk8u111/7883/hotspot/src/share/vm/prims/jvm.cpp, line 1386]
Event: 18.192 Thread 0x00007fd3e000c000 Exception <a 'java/lang/ArrayIndexOutOfBoundsException': 18> (0x00000000ec197f10) thrown at [/HUDSON3/workspace/8-2-build-linux-amd64/jdk8u111/7883/hotspot/src/share/vm/interpreter/interpreterRuntime.cpp, line 366]
Event: 18.192 Thread 0x00007fd3e000c000 Exception <a 'java/lang/ArrayIndexOutOfBoundsException': 67> (0x00000000ec199000) thrown at [/HUDSON3/workspace/8-2-build-linux-amd64/jdk8u111/7883/hotspot/src/share/vm/interpreter/interpreterRuntime.cpp, line 366]
Event: 18.192 Thread 0x00007fd3e000c000 Exception <a 'java/lang/ArrayIndexOutOfBoundsException': 139> (0x00000000ec19aed8) thrown at [/HUDSON3/workspace/8-2-build-linux-amd64/jdk8u111/7883/hotspot/src/share/vm/interpreter/interpreterRuntime.cpp, line 366]
Event: 18.193 Thread 0x00007fd3e000c000 Exception <a 'java/lang/ArrayIndexOutOfBoundsException': 60> (0x00000000ec1a4d68) thrown at [/HUDSON3/workspace/8-2-build-linux-amd64/jdk8u111/7883/hotspot/src/share/vm/interpreter/interpreterRuntime.cpp, line 366]
Event: 18.196 Thread 0x00007fd3e000c000 Exception <a 'java/lang/ArrayIndexOutOfBoundsException': 65> (0x00000000ec1d05f8) thrown at [/HUDSON3/workspace/8-2-build-linux-amd64/jdk8u111/7883/hotspot/src/share/vm/interpreter/interpreterRuntime.cpp, line 366]
Event: 19.579 Thread 0x00007fd3e000c000 Exception <a 'java/lang/ArrayIndexOutOfBoundsException'> (0x00000000ec48e298) thrown at [/HUDSON3/workspace/8-2-build-linux-amd64/jdk8u111/7883/hotspot/src/share/vm/runtime/sharedRuntime.cpp, line 605]
Event: 19.579 Thread 0x00007fd3e000c000 Exception <a 'java/lang/ArrayIndexOutOfBoundsException'> (0x00000000ec495e60) thrown at [/HUDSON3/workspace/8-2-build-linux-amd64/jdk8u111/7883/hotspot/src/share/vm/runtime/sharedRuntime.cpp, line 605]
Event: 19.582 Thread 0x00007fd3e000c000 Exception <a 'java/lang/ArrayIndexOutOfBoundsException'> (0x00000000ec4b4ad0) thrown at [/HUDSON3/workspace/8-2-build-linux-amd64/jdk8u111/7883/hotspot/src/share/vm/runtime/sharedRuntime.cpp, line 605]

Events (10 events):
Event: 19.979 Executing VM operation: ParallelGCFailedAllocation
Event: 20.031 Executing VM operation: ParallelGCFailedAllocation done
Event: 20.033 Executing VM operation: RevokeBias
Event: 20.033 Executing VM operation: RevokeBias done
Event: 20.033 Executing VM operation: RevokeBias
Event: 20.034 Executing VM operation: RevokeBias done
Event: 20.036 Executing VM operation: RevokeBias
Event: 20.036 Executing VM operation: RevokeBias done
Event: 20.037 Executing VM operation: RevokeBias
Event: 20.037 Executing VM operation: RevokeBias done


Dynamic libraries:
00400000-00401000 r-xp 00000000 08:01 802512                             /usr/lib/jvm/java-8-oracle/bin/java
00600000-00601000 rw-p 00000000 08:01 802512                             /usr/lib/jvm/java-8-oracle/bin/java
02358000-02379000 rw-p 00000000 00:00 0                                  [heap]
c2400000-c4d80000 rw-p 00000000 00:00 0 
c4d80000-eb700000 ---p 00000000 00:00 0 
eb700000-edb00000 rw-p 00000000 00:00 0 
edb00000-100000000 ---p 00000000 00:00 0 
100000000-100140000 rw-p 00000000 00:00 0 
100140000-140000000 ---p 00000000 00:00 0 
7fd36c000000-7fd36c549000 rw-p 00000000 00:00 0 
7fd36c549000-7fd370000000 ---p 00000000 00:00 0 
7fd374000000-7fd37c000000 rw-p 00000000 00:00 0 
7fd37c000000-7fd384000000 rw-p 00000000 00:00 0 
7fd384000000-7fd38c000000 rw-p 00000000 00:00 0 
7fd38c000000-7fd390000000 rw-p 00000000 00:00 0 
7fd390000000-7fd390021000 rw-p 00000000 00:00 0 
7fd390021000-7fd394000000 ---p 00000000 00:00 0 
7fd394702000-7fd394719000 r-xp 00000000 08:01 789276                     /lib/x86_64-linux-gnu/libresolv-2.23.so
7fd394719000-7fd394919000 ---p 00017000 08:01 789276                     /lib/x86_64-linux-gnu/libresolv-2.23.so
7fd394919000-7fd39491a000 r--p 00017000 08:01 789276                     /lib/x86_64-linux-gnu/libresolv-2.23.so
7fd39491a000-7fd39491b000 rw-p 00018000 08:01 789276                     /lib/x86_64-linux-gnu/libresolv-2.23.so
7fd39491b000-7fd39491d000 rw-p 00000000 00:00 0 
7fd39491d000-7fd394922000 r-xp 00000000 08:01 789279                     /lib/x86_64-linux-gnu/libnss_dns-2.23.so
7fd394922000-7fd394b22000 ---p 00005000 08:01 789279                     /lib/x86_64-linux-gnu/libnss_dns-2.23.so
7fd394b22000-7fd394b23000 r--p 00005000 08:01 789279                     /lib/x86_64-linux-gnu/libnss_dns-2.23.so
7fd394b23000-7fd394b24000 rw-p 00006000 08:01 789279                     /lib/x86_64-linux-gnu/libnss_dns-2.23.so
7fd394b24000-7fd394b26000 r-xp 00000000 08:01 792113                     /lib/x86_64-linux-gnu/libnss_mdns4_minimal.so.2
7fd394b26000-7fd394d25000 ---p 00002000 08:01 792113                     /lib/x86_64-linux-gnu/libnss_mdns4_minimal.so.2
7fd394d25000-7fd394d26000 r--p 00001000 08:01 792113                     /lib/x86_64-linux-gnu/libnss_mdns4_minimal.so.2
7fd394d26000-7fd394d27000 rw-p 00002000 08:01 792113                     /lib/x86_64-linux-gnu/libnss_mdns4_minimal.so.2
7fd394d41000-7fd395042000 rw-p 00000000 00:00 0 
7fd395042000-7fd395058000 r-xp 00000000 08:01 939096                     /usr/lib/jvm/java-8-oracle/jre/lib/amd64/libnet.so
7fd395058000-7fd395258000 ---p 00016000 08:01 939096                     /usr/lib/jvm/java-8-oracle/jre/lib/amd64/libnet.so
7fd395258000-7fd395259000 rw-p 00016000 08:01 939096                     /usr/lib/jvm/java-8-oracle/jre/lib/amd64/libnet.so
7fd395259000-7fd395359000 rw-p 00000000 00:00 0 
7fd395359000-7fd395459000 ---p 00000000 00:00 0 
7fd395459000-7fd395463000 r--s 00116000 08:01 10946                      /usr/lib/jvm/java-8-oracle/jre/lib/ext/localedata.jar
7fd395463000-7fd395495000 r-xp 00000000 08:01 939104                     /usr/lib/jvm/java-8-oracle/jre/lib/amd64/libsunec.so
7fd395495000-7fd395694000 ---p 00032000 08:01 939104                     /usr/lib/jvm/java-8-oracle/jre/lib/amd64/libsunec.so
7fd395694000-7fd39569a000 rw-p 00031000 08:01 939104                     /usr/lib/jvm/java-8-oracle/jre/lib/amd64/libsunec.so
7fd39569a000-7fd395f9b000 rw-p 00000000 00:00 0 
7fd395f9b000-7fd397851000 r-xp 00000000 08:01 534545                     /usr/lib/x86_64-linux-gnu/libicudata.so.55.1
7fd397851000-7fd397a50000 ---p 018b6000 08:01 534545                     /usr/lib/x86_64-linux-gnu/libicudata.so.55.1
7fd397a50000-7fd397a51000 r--p 018b5000 08:01 534545                     /usr/lib/x86_64-linux-gnu/libicudata.so.55.1
7fd397a51000-7fd397a52000 rw-p 018b6000 08:01 534545                     /usr/lib/x86_64-linux-gnu/libicudata.so.55.1
7fd397a52000-7fd397a6b000 r-xp 00000000 08:01 792199                     /lib/x86_64-linux-gnu/libz.so.1.2.8
7fd397a6b000-7fd397c6a000 ---p 00019000 08:01 792199                     /lib/x86_64-linux-gnu/libz.so.1.2.8
7fd397c6a000-7fd397c6b000 r--p 00018000 08:01 792199                     /lib/x86_64-linux-gnu/libz.so.1.2.8
7fd397c6b000-7fd397c6c000 rw-p 00019000 08:01 792199                     /lib/x86_64-linux-gnu/libz.so.1.2.8
7fd397c6c000-7fd397deb000 r-xp 00000000 08:01 534541                     /usr/lib/x86_64-linux-gnu/libicuuc.so.55.1
7fd397deb000-7fd397feb000 ---p 0017f000 08:01 534541                     /usr/lib/x86_64-linux-gnu/libicuuc.so.55.1
7fd397feb000-7fd397ffb000 r--p 0017f000 08:01 534541                     /usr/lib/x86_64-linux-gnu/libicuuc.so.55.1
7fd397ffb000-7fd397ffc000 rw-p 0018f000 08:01 534541                     /usr/lib/x86_64-linux-gnu/libicuuc.so.55.1
7fd397ffc000-7fd398000000 rw-p 00000000 00:00 0 
7fd398000000-7fd398245000 rw-p 00000000 00:00 0 
7fd398245000-7fd39c000000 ---p 00000000 00:00 0 
7fd39c000000-7fd39c021000 rw-p 00000000 00:00 0 
7fd39c021000-7fd3a0000000 ---p 00000000 00:00 0 
7fd3a0000000-7fd3a030e000 rw-p 00000000 00:00 0 
7fd3a030e000-7fd3a4000000 ---p 00000000 00:00 0 
7fd3a4000000-7fd3a417e000 rw-p 00000000 00:00 0 
7fd3a417e000-7fd3a8000000 ---p 00000000 00:00 0 
7fd3a8000000-7fd3a8021000 rw-p 00000000 00:00 0 
7fd3a8021000-7fd3ac000000 ---p 00000000 00:00 0 
7fd3ac000000-7fd3ac021000 rw-p 00000000 00:00 0 
7fd3ac021000-7fd3b0000000 ---p 00000000 00:00 0 
7fd3b0000000-7fd3b0021000 rw-p 00000000 00:00 0 
7fd3b0021000-7fd3b4000000 ---p 00000000 00:00 0 
7fd3b4000000-7fd3b4021000 rw-p 00000000 00:00 0 
7fd3b4021000-7fd3b8000000 ---p 00000000 00:00 0 
7fd3b8000000-7fd3b8021000 rw-p 00000000 00:00 0 
7fd3b8021000-7fd3bc000000 ---p 00000000 00:00 0 
7fd3bc000000-7fd3bc021000 rw-p 00000000 00:00 0 
7fd3bc021000-7fd3c0000000 ---p 00000000 00:00 0 
7fd3c0000000-7fd3c0021000 rw-p 00000000 00:00 0 
7fd3c0021000-7fd3c4000000 ---p 00000000 00:00 0 
7fd3c4004000-7fd3c41d4000 rw-p 00000000 00:00 0 
7fd3c41d4000-7fd3c4426000 r-xp 00000000 08:01 534542                     /usr/lib/x86_64-linux-gnu/libicui18n.so.55.1
7fd3c4426000-7fd3c4626000 ---p 00252000 08:01 534542                     /usr/lib/x86_64-linux-gnu/libicui18n.so.55.1
7fd3c4626000-7fd3c4635000 r--p 00252000 08:01 534542                     /usr/lib/x86_64-linux-gnu/libicui18n.so.55.1
7fd3c4635000-7fd3c4636000 rw-p 00261000 08:01 534542                     /usr/lib/x86_64-linux-gnu/libicui18n.so.55.1
7fd3c4636000-7fd3c467b000 r-xp 00000000 08:01 558493                     /usr/local/lib/libfoma-0.9.18.so
7fd3c467b000-7fd3c487a000 ---p 00045000 08:01 558493                     /usr/local/lib/libfoma-0.9.18.so
7fd3c487a000-7fd3c487b000 r--p 00044000 08:01 558493                     /usr/local/lib/libfoma-0.9.18.so
7fd3c487b000-7fd3c487c000 rw-p 00045000 08:01 558493                     /usr/local/lib/libfoma-0.9.18.so
7fd3c487c000-7fd3c6098000 rw-p 00000000 00:00 0 
7fd3c6098000-7fd3c60e7000 r-xp 00000000 08:01 558373                     /usr/local/lib/libtreeler-0.4.so
7fd3c60e7000-7fd3c62e6000 ---p 0004f000 08:01 558373                     /usr/local/lib/libtreeler-0.4.so
7fd3c62e6000-7fd3c62e7000 r--p 0004e000 08:01 558373                     /usr/local/lib/libtreeler-0.4.so
7fd3c62e7000-7fd3c62e8000 rw-p 0004f000 08:01 558373                     /usr/local/lib/libtreeler-0.4.so
7fd3c62e8000-7fd3c63eb000 r-xp 00000000 08:01 556634                     /usr/lib/x86_64-linux-gnu/libboost_regex.so.1.58.0
7fd3c63eb000-7fd3c65eb000 ---p 00103000 08:01 556634                     /usr/lib/x86_64-linux-gnu/libboost_regex.so.1.58.0
7fd3c65eb000-7fd3c65ef000 r--p 00103000 08:01 556634                     /usr/lib/x86_64-linux-gnu/libboost_regex.so.1.58.0
7fd3c65ef000-7fd3c65f0000 rw-p 00107000 08:01 556634                     /usr/lib/x86_64-linux-gnu/libboost_regex.so.1.58.0
7fd3c65f0000-7fd3c6606000 r-xp 00000000 08:01 792046                     /lib/x86_64-linux-gnu/libgcc_s.so.1
7fd3c6606000-7fd3c6805000 ---p 00016000 08:01 792046                     /lib/x86_64-linux-gnu/libgcc_s.so.1
7fd3c6805000-7fd3c6806000 rw-p 00015000 08:01 792046                     /lib/x86_64-linux-gnu/libgcc_s.so.1
7fd3c6806000-7fd3c6978000 r-xp 00000000 08:01 526586                     /usr/lib/x86_64-linux-gnu/libstdc++.so.6.0.21
7fd3c6978000-7fd3c6b78000 ---p 00172000 08:01 526586                     /usr/lib/x86_64-linux-gnu/libstdc++.so.6.0.21
7fd3c6b78000-7fd3c6b82000 r--p 00172000 08:01 526586                     /usr/lib/x86_64-linux-gnu/libstdc++.so.6.0.21
7fd3c6b82000-7fd3c6b84000 rw-p 0017c000 08:01 526586                     /usr/lib/x86_64-linux-gnu/libstdc++.so.6.0.21
7fd3c6b84000-7fd3c6b88000 rw-p 00000000 00:00 0 
7fd3c6b88000-7fd3c6b8b000 r-xp 00000000 08:01 536683                     /usr/lib/x86_64-linux-gnu/libboost_system.so.1.58.0
7fd3c6b8b000-7fd3c6d8a000 ---p 00003000 08:01 536683                     /usr/lib/x86_64-linux-gnu/libboost_system.so.1.58.0
7fd3c6d8a000-7fd3c6d8b000 r--p 00002000 08:01 536683                     /usr/lib/x86_64-linux-gnu/libboost_system.so.1.58.0
7fd3c6d8b000-7fd3c6d8c000 rw-p 00003000 08:01 536683                     /usr/lib/x86_64-linux-gnu/libboost_system.so.1.58.0
7fd3c6d8c000-7fd3c70be000 r-xp 00000000 08:01 558504                     /usr/local/lib/libfreeling-4.0.so
7fd3c70be000-7fd3c72bd000 ---p 00332000 08:01 558504                     /usr/local/lib/libfreeling-4.0.so
7fd3c72bd000-7fd3c72c2000 r--p 00331000 08:01 558504                     /usr/local/lib/libfreeling-4.0.so
7fd3c72c2000-7fd3c72c6000 rw-p 00336000 08:01 558504                     /usr/local/lib/libfreeling-4.0.so
7fd3c72c6000-7fd3c72ca000 rw-p 00000000 00:00 0 
7fd3c72d0000-7fd3c72d2000 r--s 00009000 08:01 10943                      /usr/lib/jvm/java-8-oracle/jre/lib/ext/sunec.jar
7fd3c72d2000-7fd3c72d6000 r--s 0003a000 08:01 10941                      /usr/lib/jvm/java-8-oracle/jre/lib/ext/sunpkcs11.jar
7fd3c72d6000-7fd3c72d9000 r--s 0001a000 08:01 939200                     /usr/lib/jvm/java-8-oracle/jre/lib/jce.jar
7fd3c72d9000-7fd3c72dd000 r--s 00097000 08:01 939083                     /usr/lib/jvm/java-8-oracle/jre/lib/jsse.jar
7fd3c72dd000-7fd3c72e4000 r--s 00000000 08:01 663969                     /usr/lib/x86_64-linux-gnu/gconv/gconv-modules.cache
7fd3c72e4000-7fd3c7441000 r-xp 00000000 08:01 806893                     /home/maksym/Desktop/gitDissertacao/DissertacaoProject V2/libfreeling_javaAPI.so
7fd3c7441000-7fd3c7640000 ---p 0015d000 08:01 806893                     /home/maksym/Desktop/gitDissertacao/DissertacaoProject V2/libfreeling_javaAPI.so
7fd3c7640000-7fd3c7641000 r--p 0015c000 08:01 806893                     /home/maksym/Desktop/gitDissertacao/DissertacaoProject V2/libfreeling_javaAPI.so
7fd3c7641000-7fd3c7648000 rw-p 0015d000 08:01 806893                     /home/maksym/Desktop/gitDissertacao/DissertacaoProject V2/libfreeling_javaAPI.so
7fd3c7648000-7fd3c7649000 r--s 0000c000 08:01 806907                     /home/maksym/Desktop/gitDissertacao/DissertacaoProject V2/Maltparser/maltparser-1.9.0/lib/liblinear-1.8.jar
7fd3c7649000-7fd3c764b000 r--s 0000b000 08:01 806905                     /home/maksym/Desktop/gitDissertacao/DissertacaoProject V2/Maltparser/maltparser-1.9.0/lib/libsvm.jar
7fd3c764b000-7fd3c7652000 r--s 00053000 08:01 806906                     /home/maksym/Desktop/gitDissertacao/DissertacaoProject V2/Maltparser/maltparser-1.9.0/lib/log4j.jar
7fd3c7652000-7fd3c7660000 r--s 000c9000 08:01 806904                     /home/maksym/Desktop/gitDissertacao/DissertacaoProject V2/Maltparser/maltparser-1.9.0/maltparser-1.9.0.jar
7fd3c7660000-7fd3c7663000 r--s 00025000 08:01 808887                     /home/maksym/Desktop/gitDissertacao/DissertacaoProject V2/BabelNet-API-3.7/babelnet-api-3.7.jar
7fd3c7663000-7fd3c766c000 r--s 00057000 08:01 809062                     /home/maksym/Desktop/gitDissertacao/DissertacaoProject V2/BabelNet-API-3.7/lib/lucene-queryparser-4.9.0.jar
7fd3c766c000-7fd3c7695000 r--s 0023b000 08:01 809061                     /home/maksym/Desktop/gitDissertacao/DissertacaoProject V2/BabelNet-API-3.7/lib/lucene-core-4.9.0.jar
7fd3c7695000-7fd3c76a7000 r--s 000b8000 08:01 809060                     /home/maksym/Desktop/gitDissertacao/DissertacaoProject V2/BabelNet-API-3.7/lib/log4j-core-2.1.jar
7fd3c76a7000-7fd3c76aa000 r--s 0001e000 08:01 809059                     /home/maksym/Desktop/gitDissertacao/DissertacaoProject V2/BabelNet-API-3.7/lib/log4j-api-2.1.jar
7fd3c76aa000-7fd3c76ad000 r--s 00020000 08:01 809058                     /home/maksym/Desktop/gitDissertacao/DissertacaoProject V2/BabelNet-API-3.7/lib/jwi-2.2.3.jar
7fd3c76ad000-7fd3c76af000 r--s 00019000 08:01 809057                     /home/maksym/Desktop/gitDissertacao/DissertacaoProject V2/BabelNet-API-3.7/lib/jltutils-2.2.jar
7fd3c76af000-7fd3c7710000 r--s 00a1a000 08:01 809056                     /home/maksym/Desktop/gitDissertacao/DissertacaoProject V2/BabelNet-API-3.7/lib/icu4j-56.1.jar
7fd3c7710000-7fd3c773b000 r--s 001fc000 08:01 809053                     /home/maksym/Desktop/gitDissertacao/DissertacaoProject V2/BabelNet-API-3.7/lib/guava-18.0.jar
7fd3c773b000-7fd3c7740000 r--s 0002a000 08:01 809052                     /home/maksym/Desktop/gitDissertacao/DissertacaoProject V2/BabelNet-API-3.7/lib/gson-2.2.4.jar
7fd3c7740000-7fd3c7742000 r--s 0000e000 08:01 809051                     /home/maksym/Desktop/gitDissertacao/DissertacaoProject V2/BabelNet-API-3.7/lib/commons-logging-1.2.jar
7fd3c7742000-7fd3c7746000 r--s 00038000 08:01 809050                     /home/maksym/Desktop/gitDissertacao/DissertacaoProject V2/BabelNet-API-3.7/lib/commons-lang-2.3.jar
7fd3c7746000-7fd3c774a000 r--s 00020000 08:01 809049                     /home/maksym/Desktop/gitDissertacao/DissertacaoProject V2/BabelNet-API-3.7/lib/commons-digester-1.8.jar
7fd3c774a000-7fd3c7750000 r--s 0003d000 08:01 809048                     /home/maksym/Desktop/gitDissertacao/DissertacaoProject V2/BabelNet-API-3.7/lib/commons-configuration-1.5.jar
7fd3c7750000-7fd3c775d000 r--s 0007f000 08:01 809047                     /home/maksym/Desktop/gitDissertacao/DissertacaoProject V2/BabelNet-API-3.7/lib/commons-collections-3.2.jar
7fd3c775d000-7fd3c7764000 r--s 0003a000 08:01 809046                     /home/maksym/Desktop/gitDissertacao/DissertacaoProject V2/BabelNet-API-3.7/lib/commons-codec-1.8.jar
7fd3c7764000-7fd3c7768000 r--s 00026000 08:01 809045                     /home/maksym/Desktop/gitDissertacao/DissertacaoProject V2/BabelNet-API-3.7/lib/commons-beanutils-core-1.7.0.jar
7fd3c7768000-7fd3c776d000 r--s 0002a000 08:01 809044                     /home/maksym/Desktop/gitDissertacao/DissertacaoProject V2/BabelNet-API-3.7/lib/commons-beanutils-1.7.0.jar
7fd3c776d000-7fd3c7776000 r--s 0002d000 08:01 808807                     /home/maksym/Desktop/gitDissertacao/DissertacaoProject V2/apache-jena-3.2.0/lib/xml-apis-1.4.01.jar
7fd3c7776000-7fd3c778f000 r--s 00135000 08:01 808806                     /home/maksym/Desktop/gitDissertacao/DissertacaoProject V2/apache-jena-3.2.0/lib/xercesImpl-2.11.0.jar
7fd3c778f000-7fd3c7791000 r--s 00009000 08:01 808804                     /home/maksym/Desktop/gitDissertacao/DissertacaoProject V2/apache-jena-3.2.0/lib/slf4j-api-1.7.21.jar
7fd3c7791000-7fd3c779a000 r--s 0006f000 08:01 808803                     /home/maksym/Desktop/gitDissertacao/DissertacaoProject V2/apache-jena-3.2.0/lib/log4j-1.2.17.jar
7fd3c779a000-7fd3c77a0000 r--s 00034000 08:01 808802                     /home/maksym/Desktop/gitDissertacao/DissertacaoProject V2/apache-jena-3.2.0/lib/libthrift-0.9.3.jar
7fd3c77a0000-7fd3c77d4000 r--s 0020e000 08:01 808799                     /home/maksym/Desktop/gitDissertacao/DissertacaoProject V2/apache-jena-3.2.0/lib/jena-shaded-guava-3.2.0.jar
7fd3c77d4000-7fd3c77ee000 r--s 0013f000 08:01 808796                     /home/maksym/Desktop/gitDissertacao/DissertacaoProject V2/apache-jena-3.2.0/lib/jena-core-3.2.0.jar
7fd3c77ee000-7fd3c7822000 r--s 00288000 08:01 808793                     /home/maksym/Desktop/gitDissertacao/DissertacaoProject V2/apache-jena-3.2.0/lib/jena-arq-3.2.0.jar
7fd3c7822000-7fd3c7823000 ---p 00000000 00:00 0 
7fd3c7823000-7fd3c7923000 rw-p 00000000 00:00 0 
7fd3c7923000-7fd3c7926000 ---p 00000000 00:00 0 
7fd3c7926000-7fd3c7a24000 rw-p 00000000 00:00 0 
7fd3c7a24000-7fd3c7a27000 ---p 00000000 00:00 0 
7fd3c7a27000-7fd3c7b25000 rw-p 00000000 00:00 0 
7fd3c7b25000-7fd3c7b28000 ---p 00000000 00:00 0 
7fd3c7b28000-7fd3c7c26000 rw-p 00000000 00:00 0 
7fd3c7c26000-7fd3c7c29000 ---p 00000000 00:00 0 
7fd3c7c29000-7fd3c7d27000 rw-p 00000000 00:00 0 
7fd3c7d27000-7fd3c8000000 r--p 00000000 08:01 527243                     /usr/lib/locale/locale-archive
7fd3c8000000-7fd3c8021000 rw-p 00000000 00:00 0 
7fd3c8021000-7fd3cc000000 ---p 00000000 00:00 0 
7fd3cc000000-7fd3cc001000 r--s 00002000 08:01 808805                     /home/maksym/Desktop/gitDissertacao/DissertacaoProject V2/apache-jena-3.2.0/lib/slf4j-log4j12-1.7.21.jar
7fd3cc001000-7fd3cc004000 r--s 0001c000 08:01 808801                     /home/maksym/Desktop/gitDissertacao/DissertacaoProject V2/apache-jena-3.2.0/lib/jsonld-java-0.9.0.jar
7fd3cc004000-7fd3cc00d000 r--s 00078000 08:01 808800                     /home/maksym/Desktop/gitDissertacao/DissertacaoProject V2/apache-jena-3.2.0/lib/jena-tdb-3.2.0.jar
7fd3cc00d000-7fd3cc00f000 r--s 00020000 08:01 808797                     /home/maksym/Desktop/gitDissertacao/DissertacaoProject V2/apache-jena-3.2.0/lib/jena-iri-3.2.0.jar
7fd3cc00f000-7fd3cc013000 r--s 00037000 08:01 808795                     /home/maksym/Desktop/gitDissertacao/DissertacaoProject V2/apache-jena-3.2.0/lib/jena-cmds-3.2.0.jar
7fd3cc013000-7fd3cc018000 r--s 00031000 08:01 808794                     /home/maksym/Desktop/gitDissertacao/DissertacaoProject V2/apache-jena-3.2.0/lib/jena-base-3.2.0.jar
7fd3cc018000-7fd3cc01a000 r--s 00003000 08:01 808792                     /home/maksym/Desktop/gitDissertacao/DissertacaoProject V2/apache-jena-3.2.0/lib/jcl-over-slf4j-1.7.21.jar
7fd3cc01a000-7fd3cc02b000 r--s 00115000 08:01 808791                     /home/maksym/Desktop/gitDissertacao/DissertacaoProject V2/apache-jena-3.2.0/lib/jackson-databind-2.7.4.jar
7fd3cc02b000-7fd3cc02e000 r--s 0003b000 08:01 808790                     /home/maksym/Desktop/gitDissertacao/DissertacaoProject V2/apache-jena-3.2.0/lib/jackson-core-2.7.4.jar
7fd3cc02e000-7fd3cc031000 r--s 0000a000 08:01 808789                     /home/maksym/Desktop/gitDissertacao/DissertacaoProject V2/apache-jena-3.2.0/lib/jackson-annotations-2.7.0.jar
7fd3cc031000-7fd3cc038000 r--s 00049000 08:01 808788                     /home/maksym/Desktop/gitDissertacao/DissertacaoProject V2/apache-jena-3.2.0/lib/httpcore-4.4.4.jar
7fd3cc038000-7fd3cc03b000 ---p 00000000 00:00 0 
7fd3cc03b000-7fd3cc139000 rw-p 00000000 00:00 0 
7fd3cc139000-7fd3cc13c000 ---p 00000000 00:00 0 
7fd3cc13c000-7fd3cc23a000 rw-p 00000000 00:00 0 
7fd3cc23a000-7fd3cc23d000 ---p 00000000 00:00 0 
7fd3cc23d000-7fd3cc33b000 rw-p 00000000 00:00 0 
7fd3cc33b000-7fd3cc33c000 ---p 00000000 00:00 0 
7fd3cc33c000-7fd3cd3ae000 rw-p 00000000 00:00 0 
7fd3cd3ae000-7fd3cd586000 r--s 03d2a000 08:01 939088                     /usr/lib/jvm/java-8-oracle/jre/lib/rt.jar
7fd3cd586000-7fd3cfeca000 rw-p 00000000 00:00 0 
7fd3cfeca000-7fd3cfecb000 ---p 00000000 00:00 0 
7fd3cfecb000-7fd3cffcb000 rw-p 00000000 00:00 0 
7fd3cffcb000-7fd3cffcc000 ---p 00000000 00:00 0 
7fd3cffcc000-7fd3d00cc000 rw-p 00000000 00:00 0 
7fd3d00cc000-7fd3d00cd000 ---p 00000000 00:00 0 
7fd3d00cd000-7fd3d01cd000 rw-p 00000000 00:00 0 
7fd3d01cd000-7fd3d01ce000 ---p 00000000 00:00 0 
7fd3d01ce000-7fd3d02e3000 rw-p 00000000 00:00 0 
7fd3d02e3000-7fd3d0418000 ---p 00000000 00:00 0 
7fd3d0418000-7fd3d042d000 rw-p 00000000 00:00 0 
7fd3d042d000-7fd3d0561000 ---p 00000000 00:00 0 
7fd3d0561000-7fd3d0574000 rw-p 00000000 00:00 0 
7fd3d0574000-7fd3d0606000 ---p 00000000 00:00 0 
7fd3d0606000-7fd3d0614000 rw-p 00000000 00:00 0 
7fd3d0614000-7fd3d09c7000 ---p 00000000 00:00 0 
7fd3d09c7000-7fd3d0ce7000 rwxp 00000000 00:00 0 
7fd3d0ce7000-7fd3df9c7000 ---p 00000000 00:00 0 
7fd3df9c7000-7fd3df9e1000 r-xp 00000000 08:01 939119                     /usr/lib/jvm/java-8-oracle/jre/lib/amd64/libzip.so
7fd3df9e1000-7fd3dfbe1000 ---p 0001a000 08:01 939119                     /usr/lib/jvm/java-8-oracle/jre/lib/amd64/libzip.so
7fd3dfbe1000-7fd3dfbe2000 rw-p 0001a000 08:01 939119                     /usr/lib/jvm/java-8-oracle/jre/lib/amd64/libzip.so
7fd3dfbe2000-7fd3dfbed000 r-xp 00000000 08:01 789267                     /lib/x86_64-linux-gnu/libnss_files-2.23.so
7fd3dfbed000-7fd3dfdec000 ---p 0000b000 08:01 789267                     /lib/x86_64-linux-gnu/libnss_files-2.23.so
7fd3dfdec000-7fd3dfded000 r--p 0000a000 08:01 789267                     /lib/x86_64-linux-gnu/libnss_files-2.23.so
7fd3dfded000-7fd3dfdee000 rw-p 0000b000 08:01 789267                     /lib/x86_64-linux-gnu/libnss_files-2.23.so
7fd3dfdee000-7fd3dfdf4000 rw-p 00000000 00:00 0 
7fd3dfdf4000-7fd3dfdff000 r-xp 00000000 08:01 789260                     /lib/x86_64-linux-gnu/libnss_nis-2.23.so
7fd3dfdff000-7fd3dfffe000 ---p 0000b000 08:01 789260                     /lib/x86_64-linux-gnu/libnss_nis-2.23.so
7fd3dfffe000-7fd3dffff000 r--p 0000a000 08:01 789260                     /lib/x86_64-linux-gnu/libnss_nis-2.23.so
7fd3dffff000-7fd3e0000000 rw-p 0000b000 08:01 789260                     /lib/x86_64-linux-gnu/libnss_nis-2.23.so
7fd3e0000000-7fd3e4000000 rw-p 00000000 00:00 0 
7fd3e4000000-7fd3e400d000 r--s 000a7000 08:01 808786                     /home/maksym/Desktop/gitDissertacao/DissertacaoProject V2/apache-jena-3.2.0/lib/httpclient-4.5.2.jar
7fd3e400d000-7fd3e4014000 r--s 00064000 08:01 808785                     /home/maksym/Desktop/gitDissertacao/DissertacaoProject V2/apache-jena-3.2.0/lib/commons-lang3-3.4.jar
7fd3e4014000-7fd3e401b000 r--s 0003f000 08:01 808782                     /home/maksym/Desktop/gitDissertacao/DissertacaoProject V2/apache-jena-3.2.0/lib/commons-codec-1.10.jar
7fd3e401b000-7fd3e406a000 rw-p 00000000 00:00 0 
7fd3e406a000-7fd3e4080000 r-xp 00000000 08:01 789262                     /lib/x86_64-linux-gnu/libnsl-2.23.so
7fd3e4080000-7fd3e427f000 ---p 00016000 08:01 789262                     /lib/x86_64-linux-gnu/libnsl-2.23.so
7fd3e427f000-7fd3e4280000 r--p 00015000 08:01 789262                     /lib/x86_64-linux-gnu/libnsl-2.23.so
7fd3e4280000-7fd3e4281000 rw-p 00016000 08:01 789262                     /lib/x86_64-linux-gnu/libnsl-2.23.so
7fd3e4281000-7fd3e4283000 rw-p 00000000 00:00 0 
7fd3e4283000-7fd3e428b000 r-xp 00000000 08:01 789269                     /lib/x86_64-linux-gnu/libnss_compat-2.23.so
7fd3e428b000-7fd3e448a000 ---p 00008000 08:01 789269                     /lib/x86_64-linux-gnu/libnss_compat-2.23.so
7fd3e448a000-7fd3e448b000 r--p 00007000 08:01 789269                     /lib/x86_64-linux-gnu/libnss_compat-2.23.so
7fd3e448b000-7fd3e448c000 rw-p 00008000 08:01 789269                     /lib/x86_64-linux-gnu/libnss_compat-2.23.so
7fd3e448c000-7fd3e44b7000 r-xp 00000000 08:01 939146                     /usr/lib/jvm/java-8-oracle/jre/lib/amd64/libjava.so
7fd3e44b7000-7fd3e46b6000 ---p 0002b000 08:01 939146                     /usr/lib/jvm/java-8-oracle/jre/lib/amd64/libjava.so
7fd3e46b6000-7fd3e46b8000 rw-p 0002a000 08:01 939146                     /usr/lib/jvm/java-8-oracle/jre/lib/amd64/libjava.so
7fd3e46b8000-7fd3e46c5000 r-xp 00000000 08:01 939097                     /usr/lib/jvm/java-8-oracle/jre/lib/amd64/libverify.so
7fd3e46c5000-7fd3e48c4000 ---p 0000d000 08:01 939097                     /usr/lib/jvm/java-8-oracle/jre/lib/amd64/libverify.so
7fd3e48c4000-7fd3e48c6000 rw-p 0000c000 08:01 939097                     /usr/lib/jvm/java-8-oracle/jre/lib/amd64/libverify.so
7fd3e48c6000-7fd3e48cd000 r-xp 00000000 08:01 789270                     /lib/x86_64-linux-gnu/librt-2.23.so
7fd3e48cd000-7fd3e4acc000 ---p 00007000 08:01 789270                     /lib/x86_64-linux-gnu/librt-2.23.so
7fd3e4acc000-7fd3e4acd000 r--p 00006000 08:01 789270                     /lib/x86_64-linux-gnu/librt-2.23.so
7fd3e4acd000-7fd3e4ace000 rw-p 00007000 08:01 789270                     /lib/x86_64-linux-gnu/librt-2.23.so
7fd3e4ace000-7fd3e4bd6000 r-xp 00000000 08:01 789261                     /lib/x86_64-linux-gnu/libm-2.23.so
7fd3e4bd6000-7fd3e4dd5000 ---p 00108000 08:01 789261                     /lib/x86_64-linux-gnu/libm-2.23.so
7fd3e4dd5000-7fd3e4dd6000 r--p 00107000 08:01 789261                     /lib/x86_64-linux-gnu/libm-2.23.so
7fd3e4dd6000-7fd3e4dd7000 rw-p 00108000 08:01 789261                     /lib/x86_64-linux-gnu/libm-2.23.so
7fd3e4dd7000-7fd3e5aa4000 r-xp 00000000 08:01 939150                     /usr/lib/jvm/java-8-oracle/jre/lib/amd64/server/libjvm.so
7fd3e5aa4000-7fd3e5ca3000 ---p 00ccd000 08:01 939150                     /usr/lib/jvm/java-8-oracle/jre/lib/amd64/server/libjvm.so
7fd3e5ca3000-7fd3e5d7c000 rw-p 00ccc000 08:01 939150                     /usr/lib/jvm/java-8-oracle/jre/lib/amd64/server/libjvm.so
7fd3e5d7c000-7fd3e5dc7000 rw-p 00000000 00:00 0 
7fd3e5dc7000-7fd3e5f86000 r-xp 00000000 08:01 789263                     /lib/x86_64-linux-gnu/libc-2.23.so
7fd3e5f86000-7fd3e6186000 ---p 001bf000 08:01 789263                     /lib/x86_64-linux-gnu/libc-2.23.so
7fd3e6186000-7fd3e618a000 r--p 001bf000 08:01 789263                     /lib/x86_64-linux-gnu/libc-2.23.so
7fd3e618a000-7fd3e618c000 rw-p 001c3000 08:01 789263                     /lib/x86_64-linux-gnu/libc-2.23.so
7fd3e618c000-7fd3e6190000 rw-p 00000000 00:00 0 
7fd3e6190000-7fd3e6193000 r-xp 00000000 08:01 789259                     /lib/x86_64-linux-gnu/libdl-2.23.so
7fd3e6193000-7fd3e6392000 ---p 00003000 08:01 789259                     /lib/x86_64-linux-gnu/libdl-2.23.so
7fd3e6392000-7fd3e6393000 r--p 00002000 08:01 789259                     /lib/x86_64-linux-gnu/libdl-2.23.so
7fd3e6393000-7fd3e6394000 rw-p 00003000 08:01 789259                     /lib/x86_64-linux-gnu/libdl-2.23.so
7fd3e6394000-7fd3e63a9000 r-xp 00000000 08:01 676230                     /usr/lib/jvm/java-8-oracle/lib/amd64/jli/libjli.so
7fd3e63a9000-7fd3e65a9000 ---p 00015000 08:01 676230                     /usr/lib/jvm/java-8-oracle/lib/amd64/jli/libjli.so
7fd3e65a9000-7fd3e65aa000 rw-p 00015000 08:01 676230                     /usr/lib/jvm/java-8-oracle/lib/amd64/jli/libjli.so
7fd3e65aa000-7fd3e65c2000 r-xp 00000000 08:01 789274                     /lib/x86_64-linux-gnu/libpthread-2.23.so
7fd3e65c2000-7fd3e67c1000 ---p 00018000 08:01 789274                     /lib/x86_64-linux-gnu/libpthread-2.23.so
7fd3e67c1000-7fd3e67c2000 r--p 00017000 08:01 789274                     /lib/x86_64-linux-gnu/libpthread-2.23.so
7fd3e67c2000-7fd3e67c3000 rw-p 00018000 08:01 789274                     /lib/x86_64-linux-gnu/libpthread-2.23.so
7fd3e67c3000-7fd3e67c7000 rw-p 00000000 00:00 0 
7fd3e67c7000-7fd3e67ed000 r-xp 00000000 08:01 789264                     /lib/x86_64-linux-gnu/ld-2.23.so
7fd3e67ed000-7fd3e67ee000 r--s 00009000 08:01 808798                     /home/maksym/Desktop/gitDissertacao/DissertacaoProject V2/apache-jena-3.2.0/lib/jena-rdfconnection-3.2.0.jar
7fd3e67ee000-7fd3e67f2000 r--s 0002f000 08:01 808784                     /home/maksym/Desktop/gitDissertacao/DissertacaoProject V2/apache-jena-3.2.0/lib/commons-io-2.5.jar
7fd3e67f2000-7fd3e68cb000 rw-p 00000000 00:00 0 
7fd3e68cb000-7fd3e68ce000 ---p 00000000 00:00 0 
7fd3e68ce000-7fd3e69d0000 rw-p 00000000 00:00 0 
7fd3e69d0000-7fd3e69d3000 r--s 00024000 08:01 808787                     /home/maksym/Desktop/gitDissertacao/DissertacaoProject V2/apache-jena-3.2.0/lib/httpclient-cache-4.5.2.jar
7fd3e69d3000-7fd3e69d4000 r--s 00009000 08:01 808783                     /home/maksym/Desktop/gitDissertacao/DissertacaoProject V2/apache-jena-3.2.0/lib/commons-csv-1.3.jar
7fd3e69d4000-7fd3e69d5000 r--s 0000c000 08:01 808781                     /home/maksym/Desktop/gitDissertacao/DissertacaoProject V2/apache-jena-3.2.0/lib/commons-cli-1.3.jar
7fd3e69d5000-7fd3e69da000 r--s 00023000 08:01 808780                     /home/maksym/Desktop/gitDissertacao/DissertacaoProject V2/apache-jena-3.2.0/lib/collection-0.6.jar
7fd3e69da000-7fd3e69e0000 r--s 00036000 08:01 559188                     /home/maksym/freelingDirectory/APIs/java/freeling.jar
7fd3e69e0000-7fd3e69e8000 rw-s 00000000 08:01 137065                     /tmp/hsperfdata_maksym/6675
7fd3e69e8000-7fd3e69e9000 rw-p 00000000 00:00 0 
7fd3e69e9000-7fd3e69ea000 r--p 00000000 00:00 0 
7fd3e69ea000-7fd3e69ec000 rw-p 00000000 00:00 0 
7fd3e69ec000-7fd3e69ed000 r--p 00025000 08:01 789264                     /lib/x86_64-linux-gnu/ld-2.23.so
7fd3e69ed000-7fd3e69ee000 rw-p 00026000 08:01 789264                     /lib/x86_64-linux-gnu/ld-2.23.so
7fd3e69ee000-7fd3e69ef000 rw-p 00000000 00:00 0 
7ffdda10d000-7ffdda12f000 rw-p 00000000 00:00 0                          [stack]
7ffdda186000-7ffdda188000 r--p 00000000 00:00 0                          [vvar]
7ffdda188000-7ffdda18a000 r-xp 00000000 00:00 0                          [vdso]
ffffffffff600000-ffffffffff601000 r-xp 00000000 00:00 0                  [vsyscall]

VM Arguments:
jvm_args: -Dfile.encoding=UTF-8 
java_command: Main
java_class_path (initial): /home/maksym/freelingDirectory/APIs/java/freeling.jar:/home/maksym/Desktop/gitDissertacao/DissertacaoProject V2/apache-jena-3.2.0/lib/collection-0.6.jar:/home/maksym/Desktop/gitDissertacao/DissertacaoProject V2/apache-jena-3.2.0/lib/commons-cli-1.3.jar:/home/maksym/Desktop/gitDissertacao/DissertacaoProject V2/apache-jena-3.2.0/lib/commons-codec-1.10.jar:/home/maksym/Desktop/gitDissertacao/DissertacaoProject V2/apache-jena-3.2.0/lib/commons-csv-1.3.jar:/home/maksym/Desktop/gitDissertacao/DissertacaoProject V2/apache-jena-3.2.0/lib/commons-io-2.5.jar:/home/maksym/Desktop/gitDissertacao/DissertacaoProject V2/apache-jena-3.2.0/lib/commons-lang3-3.4.jar:/home/maksym/Desktop/gitDissertacao/DissertacaoProject V2/apache-jena-3.2.0/lib/httpclient-4.5.2.jar:/home/maksym/Desktop/gitDissertacao/DissertacaoProject V2/apache-jena-3.2.0/lib/httpclient-cache-4.5.2.jar:/home/maksym/Desktop/gitDissertacao/DissertacaoProject V2/apache-jena-3.2.0/lib/httpcore-4.4.4.jar:/home/maksym/Desktop/gitDissertacao/DissertacaoProject V2/apache-jena-3.2.0/lib/jackson-annotations-2.7.0.jar:/home/maksym/Desktop/gitDissertacao/DissertacaoProject V2/apache-jena-3.2.0/lib/jackson-core-2.7.4.jar:/home/maksym/Desktop/gitDissertacao/DissertacaoProject V2/apache-jena-3.2.0/lib/jackson-databind-2.7.4.jar:/home/maksym/Desktop/gitDissertacao/DissertacaoProject V2/apache-jena-3.2.0/lib/jcl-over-slf4j-1.7.21.jar:/home/maksym/Desktop/gitDissertacao/DissertacaoProject V2/apache-jena-3.2.0/lib/jena-arq-3.2.0.jar:/home/maksym/Desktop/gitDissertacao/DissertacaoProject V2/apache-jena-3.2.0/lib/jena-base-3.2.0.jar:/home/maksym/Desktop/gitDissertacao/DissertacaoProject V2/apache-jena-3.2.0/lib/jena-cmds-3.2.0.jar:/home/maksym/Desktop/gitDissertacao/DissertacaoProject V2/apache-jena-3.2.0/lib/jena-core-3.2.0.jar:/home/maksym/Desktop/gitDissertacao/DissertacaoProject V2/apache-jena-3.2.0/lib/jena-iri-3.2.0.jar:/home/maksym/Desktop/gitDissertacao/DissertacaoProject V2/apache-jena-3.2.0/lib/jen
Launcher Type: SUN_STANDARD

Environment Variables:
JAVA_HOME=/usr/lib/jvm/java-8-oracle
PATH=/home/maksym/bin:/home/maksym/.local/bin:/usr/local/sbin:/usr/local/bin:/usr/sbin:/usr/bin:/sbin:/bin:/usr/games:/usr/local/games:/snap/bin:/usr/lib/jvm/java-8-oracle/bin:/usr/lib/jvm/java-8-oracle/db/bin:/usr/lib/jvm/java-8-oracle/jre/bin
LD_LIBRARY_PATH=/usr/lib/jvm/java-8-oracle/jre/lib/amd64:/usr/lib/jvm/java-8-oracle/jre/lib/i386:
SHELL=/bin/bash
DISPLAY=:0

Signal Handlers:
SIGSEGV: [libjvm.so+0xac64b0], sa_mask[0]=11111111011111111101111111111110, sa_flags=SA_RESTART|SA_SIGINFO
SIGBUS: [libjvm.so+0xac64b0], sa_mask[0]=11111111011111111101111111111110, sa_flags=SA_RESTART|SA_SIGINFO
SIGFPE: [libjvm.so+0x91f950], sa_mask[0]=11111111011111111101111111111110, sa_flags=SA_RESTART|SA_SIGINFO
SIGPIPE: [libjvm.so+0x91f950], sa_mask[0]=11111111011111111101111111111110, sa_flags=SA_RESTART|SA_SIGINFO
SIGXFSZ: [libjvm.so+0x91f950], sa_mask[0]=11111111011111111101111111111110, sa_flags=SA_RESTART|SA_SIGINFO
SIGILL: [libjvm.so+0x91f950], sa_mask[0]=11111111011111111101111111111110, sa_flags=SA_RESTART|SA_SIGINFO
SIGUSR1: SIG_DFL, sa_mask[0]=00000000000000000000000000000000, sa_flags=none
SIGUSR2: [libjvm.so+0x920f80], sa_mask[0]=00100000000000000000000000000000, sa_flags=SA_RESTART|SA_SIGINFO
SIGHUP: [libjvm.so+0x922380], sa_mask[0]=11111111011111111101111111111110, sa_flags=SA_RESTART|SA_SIGINFO
SIGINT: SIG_IGN, sa_mask[0]=00000000000000000000000000000000, sa_flags=none
SIGTERM: [libjvm.so+0x922380], sa_mask[0]=11111111011111111101111111111110, sa_flags=SA_RESTART|SA_SIGINFO
SIGQUIT: [libjvm.so+0x922380], sa_mask[0]=11111111011111111101111111111110, sa_flags=SA_RESTART|SA_SIGINFO


---------------  S Y S T E M  ---------------

OS:DISTRIB_ID=Ubuntu
DISTRIB_RELEASE=16.04
DISTRIB_CODENAME=xenial
DISTRIB_DESCRIPTION="Ubuntu 16.04.1 LTS"

uname:Linux 4.4.0-72-generic #93-Ubuntu SMP Fri Mar 31 14:07:41 UTC 2017 x86_64
libc:glibc 2.23 NPTL 2.23 
rlimit: STACK 8192k, CORE 0k, NPROC 15653, NOFILE 65536, AS infinity
load average:15.38 8.02 3.30

/proc/meminfo:
MemTotal:        4046240 kB
MemFree:          145812 kB
MemAvailable:     511100 kB
Buffers:           37716 kB
Cached:           516368 kB
SwapCached:        27804 kB
Active:          2699764 kB
Inactive:        1005036 kB
Active(anon):    2425508 kB
Inactive(anon):   750376 kB
Active(file):     274256 kB
Inactive(file):   254660 kB
Unevictable:           0 kB
Mlocked:               0 kB
SwapTotal:       3057660 kB
SwapFree:        2734960 kB
Dirty:              9688 kB
Writeback:             0 kB
AnonPages:       3135784 kB
Mapped:           159220 kB
Shmem:             25196 kB
Slab:             108700 kB
SReclaimable:      79004 kB
SUnreclaim:        29696 kB
KernelStack:       10688 kB
PageTables:        38456 kB
NFS_Unstable:          0 kB
Bounce:                0 kB
WritebackTmp:          0 kB
CommitLimit:     5080780 kB
Committed_AS:    6526384 kB
VmallocTotal:   34359738367 kB
VmallocUsed:           0 kB
VmallocChunk:          0 kB
HardwareCorrupted:     0 kB
AnonHugePages:   1425408 kB
CmaTotal:              0 kB
CmaFree:               0 kB
HugePages_Total:       0
HugePages_Free:        0
HugePages_Rsvd:        0
HugePages_Surp:        0
Hugepagesize:       2048 kB
DirectMap4k:      139200 kB
DirectMap2M:     4055040 kB


CPU:total 4 (4 cores per cpu, 1 threads per core) family 6 model 58 stepping 9, cmov, cx8, fxsr, mmx, sse, sse2, sse3, ssse3, sse4.1, sse4.2, popcnt, avx, aes, clmul, tsc, tscinvbit, tscinv

/proc/cpuinfo:
processor	: 0
vendor_id	: GenuineIntel
cpu family	: 6
model		: 58
model name	: Intel(R) Core(TM) i5-3570 CPU @ 3.40GHz
stepping	: 9
microcode	: 0x19
cpu MHz		: 3392.294
cache size	: 6144 KB
physical id	: 0
siblings	: 4
core id		: 0
cpu cores	: 4
apicid		: 0
initial apicid	: 0
fpu		: yes
fpu_exception	: yes
cpuid level	: 13
wp		: yes
flags		: fpu vme de pse tsc msr pae mce cx8 apic sep mtrr pge mca cmov pat pse36 clflush mmx fxsr sse sse2 ht syscall nx rdtscp lm constant_tsc rep_good nopl xtopology nonstop_tsc pni pclmulqdq ssse3 cx16 sse4_1 sse4_2 x2apic popcnt aes xsave avx rdrand hypervisor lahf_lm
bugs		:
bogomips	: 6784.58
clflush size	: 64
cache_alignment	: 64
address sizes	: 36 bits physical, 48 bits virtual
power management:

processor	: 1
vendor_id	: GenuineIntel
cpu family	: 6
model		: 58
model name	: Intel(R) Core(TM) i5-3570 CPU @ 3.40GHz
stepping	: 9
microcode	: 0x19
cpu MHz		: 3392.294
cache size	: 6144 KB
physical id	: 0
siblings	: 4
core id		: 1
cpu cores	: 4
apicid		: 1
initial apicid	: 1
fpu		: yes
fpu_exception	: yes
cpuid level	: 13
wp		: yes
flags		: fpu vme de pse tsc msr pae mce cx8 apic sep mtrr pge mca cmov pat pse36 clflush mmx fxsr sse sse2 ht syscall nx rdtscp lm constant_tsc rep_good nopl xtopology nonstop_tsc pni pclmulqdq ssse3 cx16 sse4_1 sse4_2 x2apic popcnt aes xsave avx rdrand hypervisor lahf_lm
bugs		:
bogomips	: 6784.58
clflush size	: 64
cache_alignment	: 64
address sizes	: 36 bits physical, 48 bits virtual
power management:

processor	: 2
vendor_id	: GenuineIntel
cpu family	: 6
model		: 58
model name	: Intel(R) Core(TM) i5-3570 CPU @ 3.40GHz
stepping	: 9
microcode	: 0x19
cpu MHz		: 3392.294
cache size	: 6144 KB
physical id	: 0
siblings	: 4
core id		: 2
cpu cores	: 4
apicid		: 2
initial apicid	: 2
fpu		: yes
fpu_exception	: yes
cpuid level	: 13
wp		: yes
flags		: fpu vme de pse tsc msr pae mce cx8 apic sep mtrr pge mca cmov pat pse36 clflush mmx fxsr sse sse2 ht syscall nx rdtscp lm constant_tsc rep_good nopl xtopology nonstop_tsc pni pclmulqdq ssse3 cx16 sse4_1 sse4_2 x2apic popcnt aes xsave avx rdrand hypervisor lahf_lm
bugs		:
bogomips	: 6784.58
clflush size	: 64
cache_alignment	: 64
address sizes	: 36 bits physical, 48 bits virtual
power management:

processor	: 3
vendor_id	: GenuineIntel
cpu family	: 6
model		: 58
model name	: Intel(R) Core(TM) i5-3570 CPU @ 3.40GHz
stepping	: 9
microcode	: 0x19
cpu MHz		: 3392.294
cache size	: 6144 KB
physical id	: 0
siblings	: 4
core id		: 3
cpu cores	: 4
apicid		: 3
initial apicid	: 3
fpu		: yes
fpu_exception	: yes
cpuid level	: 13
wp		: yes
flags		: fpu vme de pse tsc msr pae mce cx8 apic sep mtrr pge mca cmov pat pse36 clflush mmx fxsr sse sse2 ht syscall nx rdtscp lm constant_tsc rep_good nopl xtopology nonstop_tsc pni pclmulqdq ssse3 cx16 sse4_1 sse4_2 x2apic popcnt aes xsave avx rdrand hypervisor lahf_lm
bugs		:
bogomips	: 6784.58
clflush size	: 64
cache_alignment	: 64
address sizes	: 36 bits physical, 48 bits virtual
power management:



Memory: 4k page, physical 4046240k(145820k free), swap 3057660k(2734960k free)

vm_info: Java HotSpot(TM) 64-Bit Server VM (25.111-b14) for linux-amd64 JRE (1.8.0_111-b14), built on Sep 22 2016 16:14:03 by "java_re" with gcc 4.3.0 20080428 (Red Hat 4.3.0-8)

time: Mon May  1 12:25:14 2017
elapsed time: 20 seconds (0d 0h 0m 20s)

